2023-06-06 14:14:58,030 INFO [ Round 1: Deer(8, 6) runs away from Eagle(7, 7) ]
2023-06-06 14:14:58,030 INFO [ Round 1: Mouse(2, 10) runs away from Wolf(1, 10) ]
2023-06-06 14:14:58,030 INFO [ Round 1: Wolf(3, 4) hunts Mouse(4, 2) ]
2023-06-06 14:14:58,031 INFO [ Round 1: Eagle(15, 16) hunts Deer(17, 13) ]
2023-06-06 14:14:58,031 INFO [ Round 1: Eagle(10, 13) hunts Mouse(11, 10) ]
2023-06-06 14:14:58,031 INFO [ Round 1: Eagle(14, 13) hunts Mouse(16, 11) ]
2023-06-06 14:14:58,032 INFO [ Round 1: Wolf(14, 11) hunts Mouse(16, 11) ]
2023-06-06 14:14:58,032 INFO [ Round 1: Wolf(14, 1) hunts Deer(17, 0) ]
2023-06-06 14:14:58,032 INFO [ Round 1: Wolf(14, 7) hunts Deer(12, 7) ]
2023-06-06 14:14:58,032 INFO [ Round 1: Eagle(13, 3) hunts Mouse(16, 5) ]
2023-06-06 14:14:58,033 INFO [ Round 1: Wolf(17, 3) hunts Deer(17, 4) ]
2023-06-06 14:14:58,033 INFO [ Round 1: Wolf(2, 4) hunts Deer(0, 6) ]
2023-06-06 14:14:58,033 INFO [ Round 1: Deer(17, 4) runs away from Eagle(16, 5) ]
2023-06-06 14:14:58,034 INFO [ Round 1: Eagle(15, 7) hunts Deer(18, 5) ]
2023-06-06 14:14:58,035 INFO [ Round 1: Wolf(17, 12) hunts Mouse(16, 11) ]
2023-06-06 14:14:58,035 INFO [ Round 1: Deer(17, 13) runs away from Eagle(19, 11) ]
2023-06-06 14:14:58,035 INFO [ Round 1: Wolf(4, 5) hunts Mouse(4, 2) ]
2023-06-06 14:14:58,036 INFO [ Round 1: Deer(0, 6) runs away from Wolf(1, 10) ]
2023-06-06 14:14:58,036 INFO [ Round 1: Deer(11, 7) runs away from Wolf(12, 7) ]
2023-06-06 14:14:58,036 INFO [ Round 1: Eagle(7, 9) hunts Deer(8, 7) ]
2023-06-06 14:14:58,036 INFO [ Round 1: Eagle(13, 6) hunts Deer(9, 5) ]
2023-06-06 14:14:58,037 INFO [ Round 1: Eagle(12, 14) hunts Mouse(11, 17) ]
2023-06-06 14:14:58,037 INFO [ Round 1: Wolf(1, 10) hunts Deer(0, 7) ]
2023-06-06 14:14:58,037 INFO [ Round 1: Eagle(16, 1) hunts Deer(17, 0) ]
2023-06-06 14:14:58,038 INFO [ Round 1: Wolf(5, 11) hunts Deer(0, 7) ]
2023-06-06 14:14:58,038 INFO [ Round 1: Wolf(0, 1) hunts Mouse(2, 2) ]
2023-06-06 14:14:58,038 INFO [ Round 1: Wolf(5, 8) hunts Deer(0, 5) ]
2023-06-06 14:14:58,039 INFO [ Round 1: Wolf(17, 1) hunts Deer(17, 0) ]
2023-06-06 14:14:58,039 INFO [ Round 1: Deer(17, 0) runs away from Eagle(15, 0) ]
2023-06-06 14:14:58,039 INFO [ Round 1: Deer(0, 7) runs away from Wolf(0, 6) ]
2023-06-06 14:14:58,039 INFO [ Round 1: Deer(18, 5) runs away from Wolf(17, 4) ]
2023-06-06 14:14:58,039 INFO [ Round 1: Eagle(19, 11) hunts Mouse(17, 13) ]
2023-06-06 14:14:58,444 INFO [ Round 2: Deer(9, 5) runs away from Eagle(8, 7) ]
2023-06-06 14:14:58,446 INFO [ Round 2: Wolf(4, 2) hunts Deer(10, 4) ]
2023-06-06 14:14:58,447 INFO [ Round 2: Eagle(17, 13) hunts Mouse(15, 11) ]
2023-06-06 14:14:58,448 INFO [ Round 2: Eagle(11, 10) hunts Mouse(15, 11) ]
2023-06-06 14:14:58,449 INFO [ Round 2: Eagle(16, 11) hunts Mouse(15, 11) ]
2023-06-06 14:14:58,449 INFO [ Round 2: Mouse(16, 5) runs away from Wolf(17, 4) ]
2023-06-06 14:14:58,450 INFO [ Round 2: Wolf(16, 11) hunts Mouse(15, 11) ]
2023-06-06 14:14:58,451 INFO [ Round 2: Wolf(17, 0) hunts Deer(18, 0) ]
2023-06-06 14:14:58,451 INFO [ Round 2: Wolf(12, 7) hunts Mouse(11, 10) ]
2023-06-06 14:14:58,451 INFO [ Round 2: Deer(12, 8) runs away from Wolf(11, 10) ]
2023-06-06 14:14:58,452 INFO [ Round 2: Eagle(16, 5) hunts Deer(15, 5) ]
2023-06-06 14:14:58,453 INFO [ Round 2: Wolf(17, 4) hunts Deer(18, 3) ]
2023-06-06 14:14:58,454 INFO [ Round 2: Wolf(0, 6) hunts Mouse(3, 7) ]
2023-06-06 14:14:58,454 INFO [ Round 2: Deer(18, 3) runs away from Eagle(18, 5) ]
2023-06-06 14:14:58,457 INFO [ Round 2: Deer(7, 17) runs away from Eagle(7, 15) ]
2023-06-06 14:14:58,458 INFO [ Round 2: Eagle(18, 5) hunts Deer(19, 6) ]
2023-06-06 14:14:58,459 INFO [ Round 2: Wolf(16, 11) hunts Mouse(15, 11) ]
2023-06-06 14:14:58,460 INFO [ Round 2: Deer(13, 17) runs away from Eagle(11, 17) ]
2023-06-06 14:14:58,461 INFO [ Round 2: Wolf(4, 2) hunts Mouse(4, 11) ]
2023-06-06 14:14:58,461 INFO [ Round 2: Deer(0, 5) runs away from Wolf(0, 7) ]
2023-06-06 14:14:58,462 INFO [ Round 2: Deer(8, 7) runs away from Eagle(9, 5) ]
2023-06-06 14:14:58,463 INFO [ Round 2: Eagle(9, 5) hunts Deer(5, 10) ]
2023-06-06 14:14:58,463 INFO [ Round 2: Eagle(11, 17) hunts Mouse(7, 17) ]
2023-06-06 14:14:58,463 INFO [ Round 2: Wolf(0, 7) hunts Deer(0, 4) ]
2023-06-06 14:14:58,464 INFO [ Round 2: Beaver(16, 9) has eaten Tree(16, 9) ]
2023-06-06 14:14:58,464 INFO [ Round 2: Mouse(2, 2) runs away from Wolf(0, 4) ]
2023-06-06 14:14:58,465 INFO [ Round 2: Eagle(17, 0) hunts Deer(18, 0) ]
2023-06-06 14:14:58,465 INFO [ Round 2: Wolf(0, 7) hunts Deer(0, 12) ]
2023-06-06 14:14:58,465 INFO [ Round 2: Mouse(15, 11) runs away from Eagle(17, 13) ]
2023-06-06 14:14:58,465 INFO [ Round 2: Mouse(7, 17) runs away from Eagle(7, 15) ]
2023-06-06 14:14:58,466 INFO [ Round 2: Wolf(0, 5) hunts Deer(0, 12) ]
2023-06-06 14:14:58,466 INFO [ Round 2: Wolf(17, 0) hunts Deer(18, 0) ]
2023-06-06 14:14:58,467 INFO [ Round 2: Deer(18, 0) runs away from Eagle(15, 0) ]
2023-06-06 14:14:58,467 INFO [ Round 2: Deer(0, 12) runs away from Wolf(0, 11) ]
2023-06-06 14:14:58,467 INFO [ Round 2: Eagle(17, 13) hunts Mouse(15, 15) ]
2023-06-06 14:14:58,874 INFO [ Round 3: Mouse(4, 11) runs away from Eagle(5, 10) ]
2023-06-06 14:14:58,875 INFO [ Round 3: Wolf(10, 4) hunts Mouse(10, 6) ]
2023-06-06 14:14:58,876 INFO [ Round 3: Eagle(15, 11) hunts Deer(18, 7) ]
2023-06-06 14:14:58,877 INFO [ Round 3: Eagle(15, 11) hunts Deer(18, 7) ]
2023-06-06 14:14:58,878 INFO [ Round 3: Eagle(15, 11) hunts Deer(18, 7) ]
2023-06-06 14:14:58,878 INFO [ Round 3: Mouse(11, 10) runs away from Wolf(11, 11) ]
2023-06-06 14:14:58,878 INFO [ Round 3: Wolf(15, 11) hunts Deer(18, 7) ]
2023-06-06 14:14:58,879 INFO [ Round 3: Wolf(18, 0) hunts Deer(19, 0) ]
2023-06-06 14:14:58,879 INFO [ Round 3: Wolf(11, 10) hunts Mouse(10, 6) ]
2023-06-06 14:14:58,879 INFO [ Round 3: Eagle(15, 5) hunts Deer(18, 7) ]
2023-06-06 14:14:58,879 INFO [ Round 3: Wolf(18, 3) hunts Deer(19, 0) ]
2023-06-06 14:14:58,880 INFO [ Round 3: Wolf(3, 7) hunts Mouse(0, 10) ]
2023-06-06 14:14:58,880 INFO [ Round 3: Deer(18, 2) runs away from Wolf(18, 0) ]
2023-06-06 14:14:58,880 INFO [ Round 3: Beaver(11, 5) has eaten Tree(11, 5) ]
2023-06-06 14:14:58,881 INFO [ Round 3: Deer(7, 19) runs away from Eagle(7, 17) ]
2023-06-06 14:14:58,881 INFO [ Round 3: Eagle(19, 6) hunts Deer(18, 7) ]
2023-06-06 14:14:58,881 INFO [ Round 3: Wolf(15, 11) hunts Deer(18, 7) ]
2023-06-06 14:14:58,882 INFO [ Round 3: Deer(17, 17) runs away from Eagle(15, 19) ]
2023-06-06 14:14:58,882 INFO [ Round 3: Wolf(4, 11) hunts Mouse(3, 12) ]
2023-06-06 14:14:58,884 INFO [ Round 3: Eagle(5, 10) hunts Deer(6, 10) ]
2023-06-06 14:14:58,884 INFO [ Round 3: Eagle(7, 17) hunts Mouse(7, 19) ]
2023-06-06 14:14:58,884 INFO [ Round 3: Wolf(0, 4) hunts Deer(1, 3) ]
2023-06-06 14:14:58,885 INFO [ Round 3: Mouse(7, 0) runs away from Eagle(9, 2) ]
2023-06-06 14:14:58,886 INFO [ Round 3: Eagle(18, 0) hunts Deer(19, 0) ]
2023-06-06 14:14:58,886 INFO [ Round 3: Wolf(0, 12) hunts Deer(0, 17) ]
2023-06-06 14:14:58,887 INFO [ Round 3: Mouse(10, 6) runs away from Eagle(8, 7) ]
2023-06-06 14:14:58,887 INFO [ Round 3: Wolf(0, 11) hunts Deer(0, 17) ]
2023-06-06 14:14:58,888 INFO [ Round 3: Wolf(18, 0) hunts Deer(19, 0) ]
2023-06-06 14:14:58,888 INFO [ Round 3: Deer(19, 0) runs away from Eagle(15, 0) ]
2023-06-06 14:14:58,888 INFO [ Round 3: Deer(0, 17) runs away from Wolf(3, 12) ]
2023-06-06 14:14:58,889 INFO [ Round 3: Eagle(15, 15) hunts Deer(19, 13) ]
2023-06-06 14:14:59,294 INFO [ Round 4: Deer(11, 5) runs away from Wolf(10, 6) ]
2023-06-06 14:14:59,295 INFO [ Round 4: Wolf(10, 6) hunts Deer(12, 4) ]
2023-06-06 14:14:59,297 INFO [ Round 4: Eagle(18, 7) hunts Deer(17, 8) ]
2023-06-06 14:14:59,298 INFO [ Round 4: Eagle(18, 7) hunts Deer(17, 8) ]
2023-06-06 14:14:59,298 INFO [ Round 4: Eagle(18, 7) hunts Deer(17, 8) ]
2023-06-06 14:14:59,298 INFO [ Round 4: Mouse(11, 5) runs away from Wolf(10, 6) ]
2023-06-06 14:14:59,299 INFO [ Round 4: Wolf(18, 7) hunts Deer(17, 8) ]
2023-06-06 14:14:59,300 INFO [ Round 4: Wolf(19, 0) hunts Mouse(16, 0) ]
2023-06-06 14:14:59,300 INFO [ Round 4: Wolf(10, 6) hunts Deer(12, 2) ]
2023-06-06 14:14:59,301 INFO [ Round 4: Deer(12, 2) runs away from Wolf(11, 2) ]
2023-06-06 14:14:59,301 INFO [ Round 4: Eagle(18, 7) hunts Deer(17, 8) ]
2023-06-06 14:14:59,303 INFO [ Round 4: Wolf(19, 0) hunts Deer(18, 3) ]
2023-06-06 14:14:59,303 INFO [ Round 4: Wolf(0, 10) hunts Mouse(3, 7) ]
2023-06-06 14:14:59,303 INFO [ Round 4: Deer(18, 3) runs away from Eagle(19, 2) ]
2023-06-06 14:14:59,307 INFO [ Round 4: Eagle(18, 7) hunts Deer(17, 8) ]
2023-06-06 14:14:59,308 INFO [ Round 4: Wolf(18, 7) hunts Deer(17, 8) ]
2023-06-06 14:14:59,309 INFO [ Round 4: Deer(19, 13) has been attacked by Eagle(19, 13) ]
2023-06-06 14:14:59,309 INFO [ Round 4: Wolf(3, 12) hunts Deer(3, 15) ]
2023-06-06 14:14:59,311 INFO [ Round 4: Deer(6, 10) runs away from Eagle(7, 11) ]
2023-06-06 14:14:59,311 INFO [ Round 4: Eagle(6, 10) hunts Deer(3, 7) ]
2023-06-06 14:14:59,311 INFO [ Round 4: Eagle(7, 19) hunts Mouse(7, 17) ]
2023-06-06 14:14:59,312 INFO [ Round 4: Wolf(1, 3) hunts Mouse(2, 0) ]
2023-06-06 14:14:59,313 INFO [ Round 4: Eagle(19, 0) hunts Mouse(15, 1) ]
2023-06-06 14:14:59,313 INFO [ Round 4: Wolf(0, 17) hunts Deer(0, 19) ]
2023-06-06 14:14:59,314 INFO [ Round 4: Mouse(15, 1) runs away from Eagle(15, 0) ]
2023-06-06 14:14:59,314 INFO [ Round 4: Mouse(7, 17) runs away from Wolf(3, 15) ]
2023-06-06 14:14:59,314 INFO [ Round 4: Wolf(0, 17) hunts Deer(0, 19) ]
2023-06-06 14:14:59,314 INFO [ Round 4: Eagle(15, 0) hunts Deer(15, 2) ]
2023-06-06 14:14:59,314 INFO [ Round 4: Wolf(19, 0) hunts Deer(17, 4) ]
2023-06-06 14:14:59,315 INFO [ Round 4: Deer(19, 0) runs away from Eagle(19, 2) ]
2023-06-06 14:14:59,315 INFO [ Round 4: Deer(0, 19) runs away from Eagle(1, 14) ]
2023-06-06 14:14:59,315 INFO [ Round 4: Eagle(19, 13) has been removed ]
2023-06-06 14:14:59,718 INFO [ Round 5: Deer(12, 4) runs away from Wolf(12, 2) ]
2023-06-06 14:14:59,719 INFO [ Round 5: Mouse(4, 13) runs away from Wolf(3, 15) ]
2023-06-06 14:14:59,719 INFO [ Round 5: Wolf(12, 4) hunts Mouse(15, 6) ]
2023-06-06 14:14:59,720 INFO [ Round 5: Eagle(17, 8) hunts Deer(16, 8) ]
2023-06-06 14:14:59,720 INFO [ Round 5: Eagle(17, 8) hunts Deer(16, 8) ]
2023-06-06 14:14:59,720 INFO [ Round 5: Eagle(17, 8) hunts Deer(16, 8) ]
2023-06-06 14:14:59,720 INFO [ Round 5: Mouse(16, 0) runs away from Eagle(15, 1) ]
2023-06-06 14:14:59,721 INFO [ Round 5: Wolf(17, 8) hunts Deer(16, 8) ]
2023-06-06 14:14:59,721 INFO [ Round 5: Wolf(16, 0) hunts Deer(19, 0) ]
2023-06-06 14:14:59,721 INFO [ Round 5: Wolf(12, 2) hunts Mouse(15, 6) ]
2023-06-06 14:14:59,721 INFO [ Round 5: Deer(15, 2) runs away from Eagle(15, 1) ]
2023-06-06 14:14:59,721 INFO [ Round 5: Eagle(17, 8) hunts Deer(16, 8) ]
2023-06-06 14:14:59,722 INFO [ Round 5: Wolf(18, 3) hunts Deer(15, 5) ]
2023-06-06 14:14:59,722 INFO [ Round 5: Wolf(3, 7) hunts Mouse(2, 2) ]
2023-06-06 14:14:59,722 INFO [ Round 5: Deer(17, 4) runs away from Eagle(15, 2) ]
2023-06-06 14:14:59,724 INFO [ Round 5: Deer(3, 15) runs away from Eagle(1, 14) ]
2023-06-06 14:14:59,725 INFO [ Round 5: Eagle(17, 8) hunts Deer(16, 8) ]
2023-06-06 14:14:59,725 INFO [ Round 5: Wolf(17, 8) hunts Deer(16, 8) ]
2023-06-06 14:14:59,726 INFO [ Round 5: Deer(19, 13) runs away from Wolf(19, 11) ]
2023-06-06 14:14:59,726 INFO [ Round 5: Wolf(3, 15) hunts Mouse(5, 12) ]
2023-06-06 14:14:59,727 INFO [ Round 5: Deer(2, 2) runs away from Wolf(2, 0) ]
2023-06-06 14:14:59,728 INFO [ Round 5: Eagle(3, 7) hunts Deer(2, 3) ]
2023-06-06 14:14:59,728 INFO [ Round 5: Eagle(7, 17) hunts Deer(7, 19) ]
2023-06-06 14:14:59,729 INFO [ Round 5: Wolf(2, 0) hunts Mouse(2, 2) ]
2023-06-06 14:14:59,730 INFO [ Round 5: Mouse(2, 2) runs away from Eagle(2, 3) ]
2023-06-06 14:14:59,730 INFO [ Round 5: Eagle(15, 1) hunts Deer(19, 0) ]
2023-06-06 14:14:59,730 INFO [ Round 5: Wolf(0, 19) hunts Deer(6, 10) ]
2023-06-06 14:14:59,731 INFO [ Round 5: Mouse(15, 6) runs away from Wolf(15, 5) ]
2023-06-06 14:14:59,731 INFO [ Round 5: Wolf(0, 19) hunts Mouse(7, 17) ]
2023-06-06 14:14:59,732 INFO [ Round 5: Wolf(17, 4) hunts Deer(18, 5) ]
2023-06-06 14:14:59,732 INFO [ Round 5: Deer(19, 0) runs away from Wolf(18, 5) ]
2023-06-06 14:14:59,733 INFO [ Round 5: Deer(16, 8) runs away from Wolf(15, 6) ]
2023-06-06 14:15:00,139 INFO [ Round 6: Wolf(15, 6) hunts Deer(12, 6) ]
2023-06-06 14:15:00,140 INFO [ Round 6: Eagle(16, 8) hunts Deer(17, 9) ]
2023-06-06 14:15:00,141 INFO [ Round 6: Eagle(16, 8) hunts Deer(17, 9) ]
2023-06-06 14:15:00,142 INFO [ Round 6: Eagle(16, 8) hunts Deer(17, 9) ]
2023-06-06 14:15:00,142 INFO [ Round 6: Wolf(16, 8) hunts Deer(17, 9) ]
2023-06-06 14:15:00,143 INFO [ Round 6: Wolf(19, 0) hunts Mouse(19, 5) ]
2023-06-06 14:15:00,143 INFO [ Round 6: Wolf(15, 6) hunts Deer(17, 9) ]
2023-06-06 14:15:00,143 INFO [ Round 6: Eagle(16, 8) hunts Deer(17, 9) ]
2023-06-06 14:15:00,143 INFO [ Round 6: Wolf(15, 5) hunts Deer(17, 9) ]
2023-06-06 14:15:00,144 INFO [ Round 6: Wolf(2, 2) hunts Mouse(2, 0) ]
2023-06-06 14:15:00,144 INFO [ Round 6: Deer(18, 5) runs away from Wolf(19, 5) ]
2023-06-06 14:15:00,144 INFO [ Round 6: Beaver(13, 2) has eaten Tree(13, 2) ]
2023-06-06 14:15:00,145 INFO [ Round 6: Deer(7, 19) runs away from Wolf(10, 19) ]
2023-06-06 14:15:00,145 INFO [ Round 6: Eagle(16, 8) hunts Deer(17, 9) ]
2023-06-06 14:15:00,145 INFO [ Round 6: Wolf(16, 8) hunts Deer(17, 9) ]
2023-06-06 14:15:00,146 INFO [ Round 6: Wolf(5, 12) hunts Deer(5, 14) ]
2023-06-06 14:15:00,146 INFO [ Round 6: Deer(2, 3) runs away from Wolf(2, 2) ]
2023-06-06 14:15:00,147 INFO [ Round 6: Deer(6, 10) runs away from Eagle(5, 12) ]
2023-06-06 14:15:00,147 INFO [ Round 6: Eagle(8, 7) hunts Deer(9, 7) ]
2023-06-06 14:15:00,147 INFO [ Round 6: Eagle(2, 3) hunts Deer(2, 4) ]
2023-06-06 14:15:00,147 INFO [ Round 6: Eagle(7, 19) hunts Mouse(7, 17) ]
2023-06-06 14:15:00,147 INFO [ Round 6: Wolf(2, 2) hunts Mouse(2, 0) ]
2023-06-06 14:15:00,148 INFO [ Round 6: Eagle(19, 0) hunts Deer(17, 5) ]
2023-06-06 14:15:00,148 INFO [ Round 6: Wolf(9, 10) hunts Mouse(10, 10) ]
2023-06-06 14:15:00,149 INFO [ Round 6: Mouse(7, 17) runs away from Wolf(10, 19) ]
2023-06-06 14:15:00,149 INFO [ Round 6: Wolf(6, 13) hunts Deer(5, 14) ]
2023-06-06 14:15:00,149 INFO [ Round 6: Eagle(5, 12) hunts Deer(5, 14) ]
2023-06-06 14:15:00,150 INFO [ Round 6: Wolf(18, 5) hunts Deer(17, 9) ]
2023-06-06 14:15:00,150 INFO [ Round 6: Deer(19, 0) runs away from Eagle(17, 5) ]
2023-06-06 14:15:00,150 INFO [ Round 6: Eagle(15, 11) hunts Deer(17, 9) ]
2023-06-06 14:15:00,556 INFO [ Round 7: Mouse(4, 13) runs away from Eagle(5, 14) ]
2023-06-06 14:15:00,557 INFO [ Round 7: Wolf(12, 6) hunts Deer(12, 7) ]
2023-06-06 14:15:00,558 INFO [ Round 7: Eagle(17, 9) hunts Deer(16, 8) ]
2023-06-06 14:15:00,559 INFO [ Round 7: Eagle(17, 9) hunts Deer(16, 8) ]
2023-06-06 14:15:00,559 INFO [ Round 7: Eagle(17, 9) hunts Deer(16, 8) ]
2023-06-06 14:15:00,560 INFO [ Round 7: Wolf(17, 9) hunts Deer(16, 8) ]
2023-06-06 14:15:00,561 INFO [ Round 7: Wolf(19, 5) hunts Deer(16, 8) ]
2023-06-06 14:15:00,561 INFO [ Round 7: Wolf(17, 9) hunts Deer(16, 8) ]
2023-06-06 14:15:00,562 INFO [ Round 7: Deer(12, 8) runs away from Wolf(12, 7) ]
2023-06-06 14:15:00,562 INFO [ Round 7: Eagle(17, 9) hunts Deer(16, 8) ]
2023-06-06 14:15:00,563 INFO [ Round 7: Wolf(17, 9) hunts Deer(16, 8) ]
2023-06-06 14:15:00,564 INFO [ Round 7: Wolf(2, 0) hunts Mouse(2, 2) ]
2023-06-06 14:15:00,567 INFO [ Round 7: Deer(3, 19) runs away from Eagle(7, 17) ]
2023-06-06 14:15:00,568 INFO [ Round 7: Eagle(17, 9) hunts Deer(16, 8) ]
2023-06-06 14:15:00,568 INFO [ Round 7: Wolf(17, 9) hunts Deer(16, 8) ]
2023-06-06 14:15:00,570 INFO [ Round 7: Wolf(5, 14) hunts Deer(4, 13) ]
2023-06-06 14:15:00,570 INFO [ Round 7: Deer(2, 4) runs away from Wolf(2, 0) ]
2023-06-06 14:15:00,571 INFO [ Round 7: Deer(9, 7) runs away from Wolf(10, 10) ]
2023-06-06 14:15:00,572 INFO [ Round 7: Eagle(2, 4) hunts Deer(2, 5) ]
2023-06-06 14:15:00,572 INFO [ Round 7: Eagle(7, 17) hunts Deer(4, 13) ]
2023-06-06 14:15:00,572 INFO [ Round 7: Wolf(2, 0) hunts Mouse(2, 2) ]
2023-06-06 14:15:00,573 INFO [ Round 7: Mouse(2, 2) runs away from Eagle(2, 5) ]
2023-06-06 14:15:00,573 INFO [ Round 7: Eagle(17, 5) hunts Deer(16, 8) ]
2023-06-06 14:15:00,574 INFO [ Round 7: Wolf(10, 10) hunts Mouse(9, 11) ]
2023-06-06 14:15:00,574 INFO [ Round 7: Mouse(16, 8) runs away from Eagle(17, 9) ]
2023-06-06 14:15:00,574 INFO [ Round 7: Mouse(2, 12) runs away from Wolf(1, 10) ]
2023-06-06 14:15:00,575 INFO [ Round 7: Wolf(5, 14) hunts Deer(4, 13) ]
2023-06-06 14:15:00,575 INFO [ Round 7: Eagle(5, 14) hunts Deer(4, 13) ]
2023-06-06 14:15:00,575 INFO [ Round 7: Wolf(17, 9) hunts Deer(16, 8) ]
2023-06-06 14:15:00,576 INFO [ Round 7: Deer(4, 13) runs away from Wolf(2, 11) ]
2023-06-06 14:15:00,576 INFO [ Round 7: Eagle(17, 9) hunts Deer(16, 8) ]
2023-06-06 14:15:00,981 INFO [ Round 8: Mouse(3, 12) runs away from Wolf(2, 11) ]
2023-06-06 14:15:00,982 INFO [ Round 8: Wolf(12, 7) hunts Mouse(11, 3) ]
2023-06-06 14:15:00,983 INFO [ Round 8: Eagle(16, 8) hunts Deer(17, 7) ]
2023-06-06 14:15:00,984 INFO [ Round 8: Eagle(16, 8) hunts Deer(17, 7) ]
2023-06-06 14:15:00,985 INFO [ Round 8: Eagle(16, 8) hunts Deer(17, 7) ]
2023-06-06 14:15:00,986 INFO [ Round 8: Wolf(16, 8) hunts Deer(17, 7) ]
2023-06-06 14:15:00,986 INFO [ Round 8: Wolf(16, 8) hunts Deer(17, 7) ]
2023-06-06 14:15:00,987 INFO [ Round 8: Eagle(16, 8) hunts Deer(17, 7) ]
2023-06-06 14:15:00,988 INFO [ Round 8: Wolf(16, 8) hunts Deer(17, 7) ]
2023-06-06 14:15:00,989 INFO [ Round 8: Wolf(2, 2) hunts Mouse(2, 0) ]
2023-06-06 14:15:00,992 INFO [ Round 8: Deer(0, 19) runs away from Eagle(2, 14) ]
2023-06-06 14:15:00,993 INFO [ Round 8: Eagle(16, 8) hunts Deer(17, 7) ]
2023-06-06 14:15:00,993 INFO [ Round 8: Wolf(16, 8) hunts Deer(17, 7) ]
2023-06-06 14:15:00,995 INFO [ Round 8: Wolf(4, 13) hunts Mouse(6, 14) ]
2023-06-06 14:15:00,996 INFO [ Round 8: Deer(2, 5) runs away from Wolf(2, 2) ]
2023-06-06 14:15:00,997 INFO [ Round 8: Eagle(2, 5) hunts Deer(2, 6) ]
2023-06-06 14:15:00,997 INFO [ Round 8: Eagle(4, 13) hunts Mouse(7, 17) ]
2023-06-06 14:15:00,998 INFO [ Round 8: Wolf(2, 2) hunts Mouse(2, 0) ]
2023-06-06 14:15:00,999 INFO [ Round 8: Beaver(19, 3) has eaten Tree(19, 3) ]
2023-06-06 14:15:00,999 INFO [ Round 8: Eagle(16, 8) hunts Deer(17, 7) ]
2023-06-06 14:15:01,000 INFO [ Round 8: Mouse(11, 3) runs away from Eagle(9, 2) ]
2023-06-06 14:15:01,000 INFO [ Round 8: Mouse(7, 17) runs away from Eagle(9, 19) ]
2023-06-06 14:15:01,000 INFO [ Round 8: Wolf(2, 11) hunts Mouse(2, 12) ]
2023-06-06 14:15:01,000 INFO [ Round 8: Wolf(4, 13) hunts Deer(0, 19) ]
2023-06-06 14:15:01,001 INFO [ Round 8: Wolf(16, 8) hunts Deer(17, 7) ]
2023-06-06 14:15:01,001 INFO [ Round 8: Deer(9, 18) runs away from Eagle(9, 19) ]
2023-06-06 14:15:01,002 INFO [ Round 8: Deer(17, 7) runs away from Eagle(16, 7) ]
2023-06-06 14:15:01,407 INFO [ Round 9: Mouse(4, 13) runs away from Wolf(2, 12) ]
2023-06-06 14:15:01,408 INFO [ Round 9: Wolf(11, 3) hunts Mouse(9, 5) ]
2023-06-06 14:15:01,409 INFO [ Round 9: Eagle(17, 7) hunts Deer(18, 7) ]
2023-06-06 14:15:01,410 INFO [ Round 9: Eagle(17, 7) hunts Deer(18, 7) ]
2023-06-06 14:15:01,411 INFO [ Round 9: Eagle(17, 7) hunts Deer(18, 7) ]
2023-06-06 14:15:01,412 INFO [ Round 9: Wolf(17, 7) hunts Deer(18, 7) ]
2023-06-06 14:15:01,413 INFO [ Round 9: Wolf(17, 7) hunts Deer(18, 7) ]
2023-06-06 14:15:01,413 INFO [ Round 9: Wolf(16, 7) hunts Mouse(14, 6) ]
2023-06-06 14:15:01,414 INFO [ Round 9: Eagle(17, 7) hunts Deer(18, 7) ]
2023-06-06 14:15:01,415 INFO [ Round 9: Wolf(17, 7) hunts Deer(18, 7) ]
2023-06-06 14:15:01,415 INFO [ Round 9: Wolf(2, 0) hunts Mouse(2, 2) ]
2023-06-06 14:15:01,416 INFO [ Round 9: Deer(18, 7) runs away from Wolf(17, 7) ]
2023-06-06 14:15:01,417 INFO [ Round 9: Beaver(12, 5) has eaten Tree(12, 5) ]
2023-06-06 14:15:01,419 INFO [ Round 9: Deer(0, 19) runs away from Wolf(2, 12) ]
2023-06-06 14:15:01,420 INFO [ Round 9: Eagle(17, 7) hunts Deer(18, 7) ]
2023-06-06 14:15:01,420 INFO [ Round 9: Wolf(17, 7) hunts Deer(18, 7) ]
2023-06-06 14:15:01,422 INFO [ Round 9: Deer(14, 12) has drunk Water(14, 12) ]
2023-06-06 14:15:01,422 INFO [ Round 9: Wolf(6, 14) hunts Mouse(5, 14) ]
2023-06-06 14:15:01,423 INFO [ Round 9: Deer(2, 6) runs away from Wolf(4, 8) ]
2023-06-06 14:15:01,423 INFO [ Round 9: Deer(7, 2) runs away from Wolf(9, 5) ]
2023-06-06 14:15:01,424 INFO [ Round 9: Eagle(2, 6) hunts Deer(1, 5) ]
2023-06-06 14:15:01,424 INFO [ Round 9: Eagle(7, 17) hunts Deer(6, 17) ]
2023-06-06 14:15:01,425 INFO [ Round 9: Wolf(2, 0) hunts Mouse(2, 2) ]
2023-06-06 14:15:01,425 INFO [ Round 9: Mouse(2, 2) runs away from Eagle(1, 5) ]
2023-06-06 14:15:01,426 INFO [ Round 9: Eagle(17, 7) hunts Deer(18, 7) ]
2023-06-06 14:15:01,426 INFO [ Round 9: Mouse(16, 8) runs away from Eagle(16, 7) ]
2023-06-06 14:15:01,427 INFO [ Round 9: Mouse(2, 12) runs away from Wolf(2, 11) ]
2023-06-06 14:15:01,427 INFO [ Round 9: Wolf(0, 19) hunts Mouse(2, 17) ]
2023-06-06 14:15:01,427 INFO [ Round 9: Wolf(17, 7) hunts Deer(18, 7) ]
2023-06-06 14:15:01,428 INFO [ Round 9: Deer(18, 2) runs away from Wolf(14, 6) ]
2023-06-06 14:15:01,428 INFO [ Round 9: Eagle(16, 7) hunts Deer(18, 7) ]
2023-06-06 14:15:01,836 INFO [ Round 10: Eagle(18, 7) hunts Deer(17, 8) ]
2023-06-06 14:15:01,837 INFO [ Round 10: Eagle(18, 7) hunts Deer(17, 8) ]
2023-06-06 14:15:01,838 INFO [ Round 10: Eagle(18, 7) hunts Deer(17, 8) ]
2023-06-06 14:15:01,838 INFO [ Round 10: Wolf(18, 7) hunts Deer(17, 8) ]
2023-06-06 14:15:01,838 INFO [ Round 10: Wolf(18, 7) hunts Deer(17, 8) ]
2023-06-06 14:15:01,839 INFO [ Round 10: Mouse(3, 17) runs away from Wolf(2, 17) ]
2023-06-06 14:15:01,839 INFO [ Round 10: Eagle(18, 7) hunts Deer(17, 8) ]
2023-06-06 14:15:01,839 INFO [ Round 10: Wolf(18, 7) hunts Deer(17, 8) ]
2023-06-06 14:15:01,839 INFO [ Round 10: Deer(19, 7) runs away from Eagle(18, 7) ]
2023-06-06 14:15:01,840 INFO [ Round 10: Deer(0, 19) runs away from Wolf(2, 17) ]
2023-06-06 14:15:01,841 INFO [ Round 10: Eagle(18, 7) hunts Deer(17, 8) ]
2023-06-06 14:15:01,841 INFO [ Round 10: Wolf(18, 7) hunts Deer(17, 8) ]
2023-06-06 14:15:01,842 INFO [ Round 10: Wolf(5, 14) hunts Deer(9, 11) ]
2023-06-06 14:15:01,842 INFO [ Round 10: Deer(1, 5) runs away from Wolf(2, 2) ]
2023-06-06 14:15:01,842 INFO [ Round 10: Deer(4, 0) runs away from Wolf(2, 2) ]
2023-06-06 14:15:01,842 INFO [ Round 10: Eagle(1, 5) hunts Deer(0, 6) ]
2023-06-06 14:15:01,843 INFO [ Round 10: Wolf(2, 2) hunts Mouse(7, 0) ]
2023-06-06 14:15:01,843 INFO [ Round 10: Beaver(16, 4) has eaten Tree(16, 4) ]
2023-06-06 14:15:01,844 INFO [ Round 10: Eagle(18, 7) hunts Deer(17, 8) ]
2023-06-06 14:15:01,844 INFO [ Round 10: Mouse(2, 17) runs away from Eagle(1, 16) ]
2023-06-06 14:15:01,844 INFO [ Round 10: Wolf(11, 3) hunts Mouse(9, 5) ]
2023-06-06 14:15:01,845 INFO [ Round 10: Wolf(18, 7) hunts Deer(17, 8) ]
2023-06-06 14:15:01,845 INFO [ Round 10: Deer(19, 1) runs away from Eagle(14, 0) ]
2023-06-06 14:15:01,846 INFO [ Round 10: Deer(9, 11) runs away from Eagle(9, 12) ]
2023-06-06 14:15:01,846 INFO [ Round 10: Eagle(18, 7) hunts Deer(17, 8) ]
2023-06-06 14:15:02,251 INFO [ Round 11: Deer(12, 8) runs away from Wolf(9, 5) ]
2023-06-06 14:15:02,253 INFO [ Round 11: Wolf(7, 6) hunts Deer(9, 6) ]
2023-06-06 14:15:02,254 INFO [ Round 11: Eagle(17, 8) hunts Deer(16, 8) ]
2023-06-06 14:15:02,255 INFO [ Round 11: Eagle(17, 8) hunts Deer(16, 8) ]
2023-06-06 14:15:02,256 INFO [ Round 11: Eagle(17, 8) hunts Deer(16, 8) ]
2023-06-06 14:15:02,257 INFO [ Round 11: Wolf(17, 8) hunts Deer(16, 8) ]
2023-06-06 14:15:02,257 INFO [ Round 11: Wolf(17, 8) hunts Deer(16, 8) ]
2023-06-06 14:15:02,257 INFO [ Round 11: Wolf(16, 7) hunts Deer(16, 8) ]
2023-06-06 14:15:02,258 INFO [ Round 11: Deer(7, 17) runs away from Eagle(9, 19) ]
2023-06-06 14:15:02,258 INFO [ Round 11: Eagle(17, 8) hunts Deer(16, 8) ]
2023-06-06 14:15:02,260 INFO [ Round 11: Wolf(17, 8) hunts Deer(16, 8) ]
2023-06-06 14:15:02,260 INFO [ Round 11: Wolf(3, 3) hunts Mouse(7, 2) ]
2023-06-06 14:15:02,261 INFO [ Round 11: Mouse(7, 13) runs away from Wolf(9, 11) ]
2023-06-06 14:15:02,264 INFO [ Round 11: Deer(0, 19) runs away from Wolf(1, 17) ]
2023-06-06 14:15:02,264 INFO [ Round 11: Eagle(17, 8) hunts Deer(16, 8) ]
2023-06-06 14:15:02,265 INFO [ Round 11: Wolf(17, 8) hunts Deer(16, 8) ]
2023-06-06 14:15:02,266 INFO [ Round 11: Deer(15, 11) runs away from Eagle(17, 8) ]
2023-06-06 14:15:02,267 INFO [ Round 11: Wolf(9, 11) hunts Mouse(5, 12) ]
2023-06-06 14:15:02,269 INFO [ Round 11: Eagle(0, 6) hunts Deer(1, 5) ]
2023-06-06 14:15:02,269 INFO [ Round 11: Eagle(1, 16) hunts Mouse(2, 18) ]
2023-06-06 14:15:02,269 INFO [ Round 11: Wolf(7, 0) hunts Mouse(7, 2) ]
2023-06-06 14:15:02,270 INFO [ Round 11: Mouse(7, 2) runs away from Wolf(9, 5) ]
2023-06-06 14:15:02,271 INFO [ Round 11: Eagle(17, 8) hunts Deer(16, 8) ]
2023-06-06 14:15:02,271 INFO [ Round 11: Wolf(4, 8) hunts Mouse(4, 10) ]
2023-06-06 14:15:02,272 INFO [ Round 11: Wolf(9, 5) hunts Deer(9, 6) ]
2023-06-06 14:15:02,272 INFO [ Round 11: Wolf(17, 8) hunts Deer(16, 8) ]
2023-06-06 14:15:02,273 INFO [ Round 11: Deer(19, 2) runs away from Eagle(16, 5) ]
2023-06-06 14:15:02,273 INFO [ Round 11: Deer(16, 8) runs away from Eagle(16, 7) ]
2023-06-06 14:15:02,678 INFO [ Round 12: Deer(13, 9) runs away from Eagle(16, 7) ]
2023-06-06 14:15:02,681 INFO [ Round 12: Eagle(16, 8) hunts Deer(16, 9) ]
2023-06-06 14:15:02,682 INFO [ Round 12: Eagle(16, 8) hunts Deer(16, 9) ]
2023-06-06 14:15:02,682 INFO [ Round 12: Eagle(16, 8) hunts Deer(16, 9) ]
2023-06-06 14:15:02,683 INFO [ Round 12: Wolf(16, 8) hunts Deer(16, 9) ]
2023-06-06 14:15:02,683 INFO [ Round 12: Wolf(16, 8) hunts Deer(16, 9) ]
2023-06-06 14:15:02,684 INFO [ Round 12: Wolf(16, 8) hunts Deer(16, 9) ]
2023-06-06 14:15:02,684 INFO [ Round 12: Eagle(16, 8) hunts Deer(16, 9) ]
2023-06-06 14:15:02,686 INFO [ Round 12: Wolf(16, 8) hunts Deer(16, 9) ]
2023-06-06 14:15:02,686 INFO [ Round 12: Wolf(7, 2) hunts Deer(4, 3) ]
2023-06-06 14:15:02,686 INFO [ Round 12: Deer(18, 7) runs away from Eagle(16, 5) ]
2023-06-06 14:15:02,687 INFO [ Round 12: Beaver(9, 1) has eaten Tree(9, 1) ]
2023-06-06 14:15:02,689 INFO [ Round 12: Deer(0, 19) runs away from Eagle(2, 18) ]
2023-06-06 14:15:02,690 INFO [ Round 12: Eagle(16, 8) hunts Deer(16, 9) ]
2023-06-06 14:15:02,690 INFO [ Round 12: Wolf(16, 8) hunts Deer(16, 9) ]
2023-06-06 14:15:02,692 INFO [ Round 12: Wolf(5, 12) hunts Mouse(4, 14) ]
2023-06-06 14:15:02,694 INFO [ Round 12: Eagle(1, 5) hunts Deer(2, 4) ]
2023-06-06 14:15:02,696 INFO [ Round 12: Eagle(16, 8) hunts Deer(16, 9) ]
2023-06-06 14:15:02,697 INFO [ Round 12: Mouse(15, 11) runs away from Wolf(16, 8) ]
2023-06-06 14:15:02,697 INFO [ Round 12: Mouse(7, 17) runs away from Eagle(9, 19) ]
2023-06-06 14:15:02,697 INFO [ Round 12: Wolf(1, 16) hunts Deer(0, 19) ]
2023-06-06 14:15:02,697 INFO [ Round 12: Eagle(4, 10) hunts Mouse(2, 12) ]
2023-06-06 14:15:02,698 INFO [ Round 12: Wolf(16, 8) hunts Deer(16, 9) ]
2023-06-06 14:15:02,698 INFO [ Round 12: Deer(19, 1) runs away from Eagle(17, 3) ]
2023-06-06 14:15:02,698 INFO [ Round 12: Eagle(16, 7) hunts Deer(16, 9) ]
2023-06-06 14:15:03,105 INFO [ Round 13: Mouse(4, 13) runs away from Wolf(4, 14) ]
2023-06-06 14:15:03,107 INFO [ Round 13: Eagle(16, 9) hunts Deer(16, 8) ]
2023-06-06 14:15:03,108 INFO [ Round 13: Eagle(16, 9) hunts Deer(16, 8) ]
2023-06-06 14:15:03,108 INFO [ Round 13: Eagle(16, 9) hunts Deer(16, 8) ]
2023-06-06 14:15:03,109 INFO [ Round 13: Wolf(16, 9) hunts Deer(16, 8) ]
2023-06-06 14:15:03,110 INFO [ Round 13: Wolf(16, 9) hunts Deer(16, 8) ]
2023-06-06 14:15:03,110 INFO [ Round 13: Wolf(16, 9) hunts Deer(16, 8) ]
2023-06-06 14:15:03,110 INFO [ Round 13: Deer(4, 13) runs away from Wolf(4, 14) ]
2023-06-06 14:15:03,111 INFO [ Round 13: Eagle(16, 9) hunts Deer(16, 8) ]
2023-06-06 14:15:03,112 INFO [ Round 13: Wolf(16, 9) hunts Deer(16, 8) ]
2023-06-06 14:15:03,112 INFO [ Round 13: Wolf(4, 3) hunts Mouse(2, 2) ]
2023-06-06 14:15:03,114 INFO [ Round 13: Mouse(2, 19) runs away from Wolf(0, 19) ]
2023-06-06 14:15:03,116 INFO [ Round 13: Deer(0, 19) runs away from Eagle(1, 17) ]
2023-06-06 14:15:03,117 INFO [ Round 13: Eagle(16, 9) hunts Deer(16, 8) ]
2023-06-06 14:15:03,117 INFO [ Round 13: Wolf(16, 9) hunts Deer(16, 8) ]
2023-06-06 14:15:03,119 INFO [ Round 13: Wolf(4, 14) hunts Mouse(4, 12) ]
2023-06-06 14:15:03,119 INFO [ Round 13: Deer(2, 4) runs away from Wolf(3, 3) ]
2023-06-06 14:15:03,120 INFO [ Round 13: Deer(3, 3) runs away from Eagle(2, 4) ]
2023-06-06 14:15:03,121 INFO [ Round 13: Eagle(2, 4) hunts Deer(1, 5) ]
2023-06-06 14:15:03,121 INFO [ Round 13: Wolf(3, 3) hunts Mouse(2, 2) ]
2023-06-06 14:15:03,122 INFO [ Round 13: Eagle(16, 9) hunts Deer(16, 8) ]
2023-06-06 14:15:03,123 INFO [ Round 13: Wolf(2, 11) hunts Deer(4, 10) ]
2023-06-06 14:15:03,124 INFO [ Round 13: Eagle(2, 12) hunts Mouse(2, 11) ]
2023-06-06 14:15:03,124 INFO [ Round 13: Wolf(16, 9) hunts Deer(16, 8) ]
2023-06-06 14:15:03,124 INFO [ Round 13: Deer(19, 0) runs away from Eagle(18, 2) ]
2023-06-06 14:15:03,125 INFO [ Round 13: Eagle(16, 9) hunts Deer(16, 8) ]
2023-06-06 14:15:03,531 INFO [ Round 14: Wolf(4, 8) hunts Deer(6, 10) ]
2023-06-06 14:15:03,533 INFO [ Round 14: Eagle(16, 8) hunts Deer(17, 7) ]
2023-06-06 14:15:03,534 INFO [ Round 14: Wolf(16, 8) hunts Deer(17, 7) ]
2023-06-06 14:15:03,535 INFO [ Round 14: Deer(4, 10) runs away from Eagle(2, 11) ]
2023-06-06 14:15:03,535 INFO [ Round 14: Mouse(4, 13) runs away from Wolf(4, 12) ]
2023-06-06 14:15:03,536 INFO [ Round 14: Eagle(16, 8) hunts Deer(17, 7) ]
2023-06-06 14:15:03,537 INFO [ Round 14: Wolf(2, 2) hunts Mouse(3, 3) ]
2023-06-06 14:15:03,538 INFO [ Round 14: Deer(18, 7) runs away from Eagle(16, 8) ]
2023-06-06 14:15:03,541 INFO [ Round 14: Deer(0, 19) runs away from Wolf(1, 17) ]
2023-06-06 14:15:03,542 INFO [ Round 14: Eagle(16, 8) hunts Deer(17, 7) ]
2023-06-06 14:15:03,542 INFO [ Round 14: Wolf(16, 8) hunts Deer(17, 7) ]
2023-06-06 14:15:03,544 INFO [ Round 14: Deer(15, 11) runs away from Eagle(16, 8) ]
2023-06-06 14:15:03,544 INFO [ Round 14: Wolf(4, 12) hunts Mouse(2, 14) ]
2023-06-06 14:15:03,544 INFO [ Round 14: Deer(1, 5) runs away from Wolf(2, 2) ]
2023-06-06 14:15:03,545 INFO [ Round 14: Deer(6, 0) runs away from Wolf(2, 2) ]
2023-06-06 14:15:03,546 INFO [ Round 14: Eagle(1, 5) hunts Deer(0, 6) ]
2023-06-06 14:15:03,546 INFO [ Round 14: Eagle(1, 16) hunts Deer(0, 19) ]
2023-06-06 14:15:03,546 INFO [ Round 14: Wolf(2, 2) hunts Mouse(3, 3) ]
2023-06-06 14:15:03,548 INFO [ Round 14: Wolf(4, 10) hunts Deer(6, 10) ]
2023-06-06 14:15:03,548 INFO [ Round 14: Mouse(7, 17) runs away from Eagle(10, 19) ]
2023-06-06 14:15:03,549 INFO [ Round 14: Wolf(1, 17) hunts Mouse(4, 16) ]
2023-06-06 14:15:03,549 INFO [ Round 14: Eagle(2, 11) hunts Mouse(2, 12) ]
2023-06-06 14:15:03,549 INFO [ Round 14: Wolf(16, 8) hunts Deer(17, 7) ]
2023-06-06 14:15:03,549 INFO [ Round 14: Deer(19, 0) runs away from Eagle(17, 3) ]
2023-06-06 14:15:03,550 INFO [ Round 14: Deer(17, 7) runs away from Eagle(16, 7) ]
2023-06-06 14:15:03,956 INFO [ Round 15: Mouse(4, 13) runs away from Eagle(2, 12) ]
2023-06-06 14:15:03,956 INFO [ Round 15: Wolf(6, 10) hunts Mouse(4, 13) ]
2023-06-06 14:15:03,958 INFO [ Round 15: Eagle(16, 7) hunts Deer(18, 7) ]
2023-06-06 14:15:03,958 INFO [ Round 15: Eagle(16, 7) hunts Deer(18, 7) ]
2023-06-06 14:15:03,959 INFO [ Round 15: Eagle(17, 7) hunts Deer(18, 7) ]
2023-06-06 14:15:03,960 INFO [ Round 15: Wolf(17, 7) hunts Deer(18, 7) ]
2023-06-06 14:15:03,961 INFO [ Round 15: Wolf(16, 7) hunts Deer(18, 7) ]
2023-06-06 14:15:03,961 INFO [ Round 15: Wolf(16, 7) hunts Deer(18, 7) ]
2023-06-06 14:15:03,962 INFO [ Round 15: Eagle(17, 7) hunts Deer(18, 7) ]
2023-06-06 14:15:03,963 INFO [ Round 15: Wolf(16, 7) hunts Deer(18, 7) ]
2023-06-06 14:15:03,963 INFO [ Round 15: Wolf(3, 3) hunts Mouse(2, 2) ]
2023-06-06 14:15:03,964 INFO [ Round 15: Deer(19, 6) runs away from Wolf(17, 7) ]
2023-06-06 14:15:03,965 INFO [ Round 15: Mouse(2, 14) runs away from Wolf(1, 16) ]
2023-06-06 14:15:03,968 INFO [ Round 15: Eagle(17, 7) hunts Deer(18, 7) ]
2023-06-06 14:15:03,968 INFO [ Round 15: Wolf(17, 7) hunts Deer(18, 7) ]
2023-06-06 14:15:03,970 INFO [ Round 15: Wolf(2, 14) hunts Mouse(4, 13) ]
2023-06-06 14:15:03,970 INFO [ Round 15: Deer(0, 6) runs away from Eagle(0, 9) ]
2023-06-06 14:15:03,972 INFO [ Round 15: Eagle(0, 6) hunts Deer(0, 5) ]
2023-06-06 14:15:03,972 INFO [ Round 15: Wolf(3, 3) hunts Mouse(2, 2) ]
2023-06-06 14:15:03,973 INFO [ Round 15: Eagle(16, 7) hunts Deer(18, 7) ]
2023-06-06 14:15:03,974 INFO [ Round 15: Wolf(6, 10) hunts Mouse(7, 9) ]
2023-06-06 14:15:03,974 INFO [ Round 15: Mouse(4, 13) runs away from Eagle(2, 12) ]
2023-06-06 14:15:03,974 INFO [ Round 15: Wolf(4, 16) hunts Mouse(5, 14) ]
2023-06-06 14:15:03,974 INFO [ Round 15: Eagle(2, 12) hunts Mouse(2, 11) ]
2023-06-06 14:15:03,975 INFO [ Round 15: Wolf(17, 7) hunts Deer(18, 7) ]
2023-06-06 14:15:03,975 INFO [ Round 15: Deer(19, 0) runs away from Eagle(18, 2) ]
2023-06-06 14:15:03,975 INFO [ Round 15: Deer(9, 11) runs away from Wolf(7, 9) ]
2023-06-06 14:15:03,975 INFO [ Round 15: Eagle(16, 7) hunts Deer(18, 7) ]
2023-06-06 14:15:04,381 INFO [ Round 16: Mouse(5, 14) runs away from Wolf(4, 13) ]
2023-06-06 14:15:04,383 INFO [ Round 16: Wolf(4, 13) hunts Mouse(6, 15) ]
2023-06-06 14:15:04,384 INFO [ Round 16: Eagle(18, 7) hunts Deer(17, 8) ]
2023-06-06 14:15:04,385 INFO [ Round 16: Eagle(18, 7) hunts Deer(17, 8) ]
2023-06-06 14:15:04,385 INFO [ Round 16: Eagle(18, 7) hunts Deer(17, 8) ]
2023-06-06 14:15:04,386 INFO [ Round 16: Wolf(18, 7) hunts Deer(17, 8) ]
2023-06-06 14:15:04,386 INFO [ Round 16: Wolf(18, 7) hunts Deer(17, 8) ]
2023-06-06 14:15:04,386 INFO [ Round 16: Wolf(18, 7) hunts Deer(17, 8) ]
2023-06-06 14:15:04,386 INFO [ Round 16: Deer(4, 10) runs away from Eagle(2, 11) ]
2023-06-06 14:15:04,386 INFO [ Round 16: Eagle(18, 7) hunts Deer(17, 8) ]
2023-06-06 14:15:04,387 INFO [ Round 16: Wolf(18, 7) hunts Deer(17, 8) ]
2023-06-06 14:15:04,387 INFO [ Round 16: Wolf(2, 2) hunts Mouse(3, 3) ]
2023-06-06 14:15:04,387 INFO [ Round 16: Deer(19, 5) runs away from Eagle(18, 7) ]
2023-06-06 14:15:04,388 INFO [ Round 16: Beaver(6, 1) has eaten Tree(6, 1) ]
2023-06-06 14:15:04,389 INFO [ Round 16: Deer(2, 19) runs away from Eagle(1, 17) ]
2023-06-06 14:15:04,389 INFO [ Round 16: Eagle(18, 7) hunts Deer(17, 8) ]
2023-06-06 14:15:04,389 INFO [ Round 16: Wolf(18, 7) hunts Deer(17, 8) ]
2023-06-06 14:15:04,390 INFO [ Round 16: Deer(0, 5) runs away from Wolf(2, 2) ]
2023-06-06 14:15:04,391 INFO [ Round 16: Deer(7, 2) runs away from Eagle(10, 0) ]
2023-06-06 14:15:04,391 INFO [ Round 16: Eagle(0, 5) hunts Deer(0, 6) ]
2023-06-06 14:15:04,391 INFO [ Round 16: Wolf(2, 2) hunts Mouse(3, 3) ]
2023-06-06 14:15:04,392 INFO [ Round 16: Beaver(5, 6) has eaten Tree(5, 6) ]
2023-06-06 14:15:04,392 INFO [ Round 16: Eagle(18, 7) hunts Deer(17, 8) ]
2023-06-06 14:15:04,393 INFO [ Round 16: Wolf(7, 9) hunts Deer(7, 7) ]
2023-06-06 14:15:04,393 INFO [ Round 16: Wolf(5, 14) hunts Mouse(4, 13) ]
2023-06-06 14:15:04,394 INFO [ Round 16: Wolf(18, 7) hunts Deer(17, 8) ]
2023-06-06 14:15:04,394 INFO [ Round 16: Deer(19, 0) runs away from Eagle(17, 3) ]
2023-06-06 14:15:04,394 INFO [ Round 16: Eagle(18, 7) hunts Deer(17, 8) ]
2023-06-06 14:15:04,800 INFO [ Round 17: Mouse(6, 15) runs away from Wolf(4, 13) ]
2023-06-06 14:15:04,801 INFO [ Round 17: Wolf(6, 15) hunts Mouse(7, 16) ]
2023-06-06 14:15:04,805 INFO [ Round 17: Wolf(17, 8) hunts Deer(16, 8) ]
2023-06-06 14:15:04,807 INFO [ Round 17: Wolf(3, 3) hunts Mouse(2, 2) ]
2023-06-06 14:15:04,808 INFO [ Round 17: Deer(19, 4) runs away from Eagle(17, 3) ]
2023-06-06 14:15:04,811 INFO [ Round 17: Deer(6, 19) runs away from Wolf(7, 16) ]
2023-06-06 14:15:04,812 INFO [ Round 17: Eagle(17, 8) hunts Deer(16, 8) ]
2023-06-06 14:15:04,812 INFO [ Round 17: Wolf(17, 8) hunts Deer(16, 8) ]
2023-06-06 14:15:04,814 INFO [ Round 17: Deer(15, 11) runs away from Eagle(17, 8) ]
2023-06-06 14:15:04,815 INFO [ Round 17: Deer(0, 6) runs away from Wolf(3, 3) ]
2023-06-06 14:15:04,816 INFO [ Round 17: Deer(4, 5) runs away from Wolf(3, 3) ]
2023-06-06 14:15:04,817 INFO [ Round 17: Eagle(0, 6) hunts Deer(0, 7) ]
2023-06-06 14:15:04,817 INFO [ Round 17: Wolf(3, 3) hunts Mouse(2, 2) ]
2023-06-06 14:15:04,819 INFO [ Round 17: Wolf(7, 7) hunts Deer(7, 8) ]
2023-06-06 14:15:04,819 INFO [ Round 17: Mouse(4, 13) runs away from Eagle(2, 11) ]
2023-06-06 14:15:04,819 INFO [ Round 17: Mouse(7, 17) runs away from Wolf(7, 16) ]
2023-06-06 14:15:04,820 INFO [ Round 17: Wolf(4, 13) hunts Mouse(7, 19) ]
2023-06-06 14:15:04,820 INFO [ Round 17: Deer(19, 0) runs away from Eagle(18, 2) ]
2023-06-06 14:15:04,821 INFO [ Round 17: Eagle(17, 8) hunts Deer(16, 8) ]
2023-06-06 14:15:04,821 INFO [ Round 17: Deer(16, 8) runs away from Wolf(16, 7) ]
2023-06-06 14:15:05,226 INFO [ Round 18: Deer(11, 9) runs away from Wolf(10, 9) ]
2023-06-06 14:15:05,228 INFO [ Round 18: Wolf(7, 16) hunts Mouse(9, 18) ]
2023-06-06 14:15:05,229 INFO [ Round 18: Eagle(16, 7) hunts Deer(16, 9) ]
2023-06-06 14:15:05,230 INFO [ Round 18: Eagle(16, 7) hunts Deer(16, 9) ]
2023-06-06 14:15:05,230 INFO [ Round 18: Eagle(16, 7) hunts Deer(16, 9) ]
2023-06-06 14:15:05,231 INFO [ Round 18: Wolf(16, 8) hunts Deer(16, 9) ]
2023-06-06 14:15:05,232 INFO [ Round 18: Wolf(16, 7) hunts Deer(16, 9) ]
2023-06-06 14:15:05,232 INFO [ Round 18: Wolf(16, 7) hunts Deer(16, 9) ]
2023-06-06 14:15:05,233 INFO [ Round 18: Eagle(16, 7) hunts Deer(16, 9) ]
2023-06-06 14:15:05,234 INFO [ Round 18: Wolf(16, 7) hunts Deer(16, 9) ]
2023-06-06 14:15:05,234 INFO [ Round 18: Wolf(2, 2) hunts Mouse(3, 3) ]
2023-06-06 14:15:05,237 INFO [ Round 18: Deer(2, 19) runs away from Wolf(1, 17) ]
2023-06-06 14:15:05,238 INFO [ Round 18: Eagle(16, 8) hunts Deer(16, 9) ]
2023-06-06 14:15:05,238 INFO [ Round 18: Wolf(16, 8) hunts Deer(16, 9) ]
2023-06-06 14:15:05,240 INFO [ Round 18: Wolf(1, 17) hunts Deer(6, 19) ]
2023-06-06 14:15:05,241 INFO [ Round 18: Deer(0, 7) runs away from Eagle(2, 11) ]
2023-06-06 14:15:05,242 INFO [ Round 18: Eagle(0, 7) hunts Deer(0, 6) ]
2023-06-06 14:15:05,242 INFO [ Round 18: Eagle(2, 11) hunts Deer(6, 10) ]
2023-06-06 14:15:05,243 INFO [ Round 18: Wolf(2, 2) hunts Mouse(3, 3) ]
2023-06-06 14:15:05,244 INFO [ Round 18: Eagle(16, 7) hunts Deer(16, 9) ]
2023-06-06 14:15:05,244 INFO [ Round 18: Wolf(7, 8) hunts Mouse(6, 8) ]
2023-06-06 14:15:05,245 INFO [ Round 18: Mouse(9, 18) runs away from Eagle(9, 19) ]
2023-06-06 14:15:05,245 INFO [ Round 18: Mouse(7, 19) runs away from Wolf(6, 19) ]
2023-06-06 14:15:05,245 INFO [ Round 18: Wolf(10, 9) hunts Mouse(10, 11) ]
2023-06-06 14:15:05,245 INFO [ Round 18: Wolf(7, 19) hunts Mouse(12, 19) ]
2023-06-06 14:15:05,246 INFO [ Round 18: Wolf(16, 7) hunts Deer(16, 9) ]
2023-06-06 14:15:05,246 INFO [ Round 18: Deer(19, 0) runs away from Eagle(17, 3) ]
2023-06-06 14:15:05,652 INFO [ Round 19: Mouse(7, 17) runs away from Wolf(6, 19) ]
2023-06-06 14:15:05,653 INFO [ Round 19: Wolf(9, 18) hunts Mouse(8, 16) ]
2023-06-06 14:15:05,655 INFO [ Round 19: Eagle(16, 9) hunts Deer(16, 8) ]
2023-06-06 14:15:05,656 INFO [ Round 19: Eagle(16, 9) hunts Deer(16, 8) ]
2023-06-06 14:15:05,656 INFO [ Round 19: Eagle(16, 9) hunts Deer(16, 8) ]
2023-06-06 14:15:05,657 INFO [ Round 19: Wolf(16, 9) hunts Deer(16, 8) ]
2023-06-06 14:15:05,658 INFO [ Round 19: Wolf(16, 9) hunts Deer(16, 8) ]
2023-06-06 14:15:05,658 INFO [ Round 19: Wolf(16, 9) hunts Deer(16, 8) ]
2023-06-06 14:15:05,658 INFO [ Round 19: Deer(9, 11) runs away from Wolf(10, 11) ]
2023-06-06 14:15:05,659 INFO [ Round 19: Eagle(16, 9) hunts Deer(16, 8) ]
2023-06-06 14:15:05,660 INFO [ Round 19: Wolf(16, 9) hunts Deer(16, 8) ]
2023-06-06 14:15:05,661 INFO [ Round 19: Wolf(3, 3) hunts Mouse(2, 2) ]
2023-06-06 14:15:05,665 INFO [ Round 19: Eagle(16, 9) hunts Deer(16, 8) ]
2023-06-06 14:15:05,665 INFO [ Round 19: Wolf(16, 9) hunts Deer(16, 8) ]
2023-06-06 14:15:05,667 INFO [ Round 19: Deer(15, 15) runs away from Wolf(12, 19) ]
2023-06-06 14:15:05,667 INFO [ Round 19: Deer(0, 6) runs away from Wolf(3, 3) ]
2023-06-06 14:15:05,669 INFO [ Round 19: Eagle(0, 6) hunts Deer(0, 7) ]
2023-06-06 14:15:05,669 INFO [ Round 19: Eagle(6, 10) hunts Deer(6, 11) ]
2023-06-06 14:15:05,669 INFO [ Round 19: Wolf(3, 3) hunts Mouse(2, 2) ]
2023-06-06 14:15:05,670 INFO [ Round 19: Eagle(16, 9) hunts Deer(16, 8) ]
2023-06-06 14:15:05,670 INFO [ Round 19: Wolf(6, 8) hunts Mouse(5, 6) ]
2023-06-06 14:15:05,671 INFO [ Round 19: Mouse(9, 13) runs away from Wolf(10, 11) ]
2023-06-06 14:15:05,671 INFO [ Round 19: Wolf(10, 11) hunts Deer(9, 11) ]
2023-06-06 14:15:05,671 INFO [ Round 19: Wolf(12, 19) hunts Mouse(7, 17) ]
2023-06-06 14:15:05,672 INFO [ Round 19: Wolf(16, 9) hunts Deer(16, 8) ]
2023-06-06 14:15:05,672 INFO [ Round 19: Deer(19, 0) runs away from Eagle(18, 2) ]
2023-06-06 14:15:05,672 INFO [ Round 19: Eagle(16, 7) hunts Deer(16, 8) ]
2023-06-06 14:15:06,078 INFO [ Round 20: Deer(12, 8) runs away from Wolf(9, 11) ]
2023-06-06 14:15:06,079 INFO [ Round 20: Mouse(8, 16) runs away from Wolf(7, 17) ]
2023-06-06 14:15:06,080 INFO [ Round 20: Wolf(8, 16) hunts Mouse(9, 15) ]
2023-06-06 14:15:06,086 INFO [ Round 20: Wolf(2, 2) hunts Mouse(3, 3) ]
2023-06-06 14:15:06,086 INFO [ Round 20: Deer(18, 7) runs away from Eagle(16, 8) ]
2023-06-06 14:15:06,087 INFO [ Round 20: Beaver(7, 6) has drunk Water(7, 6) ]
2023-06-06 14:15:06,091 INFO [ Round 20: Deer(7, 17) runs away from Wolf(9, 15) ]
2023-06-06 14:15:06,093 INFO [ Round 20: Deer(19, 11) has been attacked by Eagle(19, 11) ]
2023-06-06 14:15:06,094 INFO [ Round 20: Deer(0, 7) runs away from Wolf(5, 6) ]
2023-06-06 14:15:06,095 INFO [ Round 20: Deer(4, 8) runs away from Wolf(5, 6) ]
2023-06-06 14:15:06,096 INFO [ Round 20: Eagle(0, 7) hunts Deer(0, 8) ]
2023-06-06 14:15:06,096 INFO [ Round 20: Eagle(6, 11) hunts Deer(6, 10) ]
2023-06-06 14:15:06,096 INFO [ Round 20: Wolf(2, 2) hunts Mouse(3, 3) ]
2023-06-06 14:15:06,098 INFO [ Round 20: Mouse(7, 17) runs away from Wolf(9, 15) ]
2023-06-06 14:15:06,098 INFO [ Round 20: Wolf(7, 17) hunts Mouse(6, 14) ]
2023-06-06 14:15:06,098 INFO [ Round 20: Eagle(19, 11) has been removed ]
2023-06-06 14:15:06,099 INFO [ Round 20: Deer(19, 0) runs away from Eagle(17, 3) ]
2023-06-06 14:15:06,099 INFO [ Round 20: Deer(6, 10) runs away from Wolf(4, 8) ]
2023-06-06 14:15:06,099 INFO [ Round 20: Eagle(16, 8) hunts Deer(17, 7) ]
2023-06-06 14:15:06,099 INFO [ Round 20: Deer(17, 7) runs away from Wolf(16, 7) ]
2023-06-06 14:15:06,506 INFO [ Round 21: Wolf(9, 15) hunts Mouse(8, 16) ]
2023-06-06 14:15:06,507 INFO [ Round 21: Eagle(16, 7) hunts Deer(18, 7) ]
2023-06-06 14:15:06,508 INFO [ Round 21: Eagle(16, 7) hunts Deer(18, 7) ]
2023-06-06 14:15:06,508 INFO [ Round 21: Eagle(16, 7) hunts Deer(18, 7) ]
2023-06-06 14:15:06,508 INFO [ Round 21: Mouse(10, 1) runs away from Eagle(9, 0) ]
2023-06-06 14:15:06,509 INFO [ Round 21: Wolf(16, 7) hunts Mouse(15, 6) ]
2023-06-06 14:15:06,509 INFO [ Round 21: Wolf(16, 7) hunts Deer(18, 7) ]
2023-06-06 14:15:06,509 INFO [ Round 21: Wolf(16, 7) hunts Deer(18, 7) ]
2023-06-06 14:15:06,509 INFO [ Round 21: Deer(4, 13) runs away from Wolf(6, 14) ]
2023-06-06 14:15:06,509 INFO [ Round 21: Eagle(16, 7) hunts Deer(18, 7) ]
2023-06-06 14:15:06,510 INFO [ Round 21: Wolf(16, 7) hunts Deer(18, 7) ]
2023-06-06 14:15:06,510 INFO [ Round 21: Wolf(3, 3) hunts Mouse(2, 2) ]
2023-06-06 14:15:06,510 INFO [ Round 21: Deer(19, 6) runs away from Eagle(17, 7) ]
2023-06-06 14:15:06,511 INFO [ Round 21: Eagle(16, 7) hunts Deer(18, 7) ]
2023-06-06 14:15:06,511 INFO [ Round 21: Wolf(16, 7) hunts Deer(18, 7) ]
2023-06-06 14:15:06,512 INFO [ Round 21: Deer(19, 11) runs away from Eagle(19, 10) ]
2023-06-06 14:15:06,512 INFO [ Round 21: Deer(0, 8) runs away from Wolf(4, 8) ]
2023-06-06 14:15:06,513 INFO [ Round 21: Deer(1, 11) runs away from Eagle(0, 8) ]
2023-06-06 14:15:06,513 INFO [ Round 21: Eagle(0, 8) hunts Deer(1, 10) ]
2023-06-06 14:15:06,513 INFO [ Round 21: Eagle(6, 10) hunts Deer(4, 14) ]
2023-06-06 14:15:06,513 INFO [ Round 21: Wolf(3, 3) hunts Mouse(2, 2) ]
2023-06-06 14:15:06,514 INFO [ Round 21: Eagle(16, 7) hunts Deer(18, 7) ]
2023-06-06 14:15:06,515 INFO [ Round 21: Mouse(2, 19) runs away from Eagle(4, 14) ]
2023-06-06 14:15:06,515 INFO [ Round 21: Wolf(6, 14) hunts Mouse(1, 17) ]
2023-06-06 14:15:06,516 INFO [ Round 21: Wolf(16, 7) hunts Deer(18, 7) ]
2023-06-06 14:15:06,516 INFO [ Round 21: Deer(19, 0) runs away from Eagle(18, 2) ]
2023-06-06 14:15:06,517 INFO [ Round 21: Deer(18, 7) runs away from Eagle(16, 7) ]
2023-06-06 14:15:06,922 INFO [ Round 22: Deer(12, 8) runs away from Wolf(15, 6) ]
2023-06-06 14:15:06,924 INFO [ Round 22: Wolf(8, 16) hunts Deer(11, 14) ]
2023-06-06 14:15:06,925 INFO [ Round 22: Eagle(18, 7) hunts Deer(19, 7) ]
2023-06-06 14:15:06,926 INFO [ Round 22: Eagle(18, 7) hunts Deer(19, 7) ]
2023-06-06 14:15:06,926 INFO [ Round 22: Eagle(18, 7) hunts Deer(19, 7) ]
2023-06-06 14:15:06,926 INFO [ Round 22: Mouse(15, 6) runs away from Eagle(16, 7) ]
2023-06-06 14:15:06,928 INFO [ Round 22: Wolf(18, 7) hunts Deer(19, 7) ]
2023-06-06 14:15:06,928 INFO [ Round 22: Wolf(18, 7) hunts Deer(19, 7) ]
2023-06-06 14:15:06,928 INFO [ Round 22: Deer(1, 10) runs away from Wolf(2, 11) ]
2023-06-06 14:15:06,929 INFO [ Round 22: Eagle(18, 7) hunts Deer(19, 7) ]
2023-06-06 14:15:06,930 INFO [ Round 22: Wolf(18, 7) hunts Deer(19, 7) ]
2023-06-06 14:15:06,930 INFO [ Round 22: Wolf(2, 2) hunts Mouse(3, 3) ]
2023-06-06 14:15:06,931 INFO [ Round 22: Deer(19, 5) runs away from Wolf(18, 7) ]
2023-06-06 14:15:06,934 INFO [ Round 22: Deer(2, 19) runs away from Wolf(1, 17) ]
2023-06-06 14:15:06,935 INFO [ Round 22: Eagle(18, 7) hunts Deer(19, 7) ]
2023-06-06 14:15:06,935 INFO [ Round 22: Wolf(18, 7) hunts Deer(19, 7) ]
2023-06-06 14:15:06,937 INFO [ Round 22: Wolf(1, 16) hunts Mouse(0, 19) ]
2023-06-06 14:15:06,937 INFO [ Round 22: Deer(0, 8) runs away from Eagle(1, 10) ]
2023-06-06 14:15:06,938 INFO [ Round 22: Eagle(1, 10) hunts Deer(0, 7) ]
2023-06-06 14:15:06,939 INFO [ Round 22: Eagle(4, 14) hunts Deer(4, 13) ]
2023-06-06 14:15:06,939 INFO [ Round 22: Wolf(2, 2) hunts Mouse(3, 3) ]
2023-06-06 14:15:06,940 INFO [ Round 22: Eagle(18, 7) hunts Deer(19, 7) ]
2023-06-06 14:15:06,941 INFO [ Round 22: Mouse(1, 17) runs away from Wolf(1, 16) ]
2023-06-06 14:15:06,941 INFO [ Round 22: Mouse(0, 19) runs away from Wolf(1, 17) ]
2023-06-06 14:15:06,941 INFO [ Round 22: Wolf(1, 17) hunts Mouse(0, 19) ]
2023-06-06 14:15:06,942 INFO [ Round 22: Wolf(18, 7) hunts Deer(19, 7) ]
2023-06-06 14:15:06,942 INFO [ Round 22: Deer(19, 0) runs away from Eagle(17, 3) ]
2023-06-06 14:15:07,349 INFO [ Round 23: Wolf(11, 14) hunts Deer(9, 11) ]
2023-06-06 14:15:07,350 INFO [ Round 23: Eagle(19, 7) hunts Deer(18, 7) ]
2023-06-06 14:15:07,351 INFO [ Round 23: Eagle(19, 7) hunts Deer(18, 7) ]
2023-06-06 14:15:07,352 INFO [ Round 23: Eagle(19, 7) hunts Deer(18, 7) ]
2023-06-06 14:15:07,353 INFO [ Round 23: Wolf(19, 7) hunts Deer(18, 7) ]
2023-06-06 14:15:07,353 INFO [ Round 23: Wolf(19, 7) hunts Deer(18, 7) ]
2023-06-06 14:15:07,353 INFO [ Round 23: Deer(0, 7) runs away from Wolf(19, 7) ]
2023-06-06 14:15:07,354 INFO [ Round 23: Eagle(19, 7) hunts Deer(18, 7) ]
2023-06-06 14:15:07,354 INFO [ Round 23: Eagle(9, 10) hunts Deer(9, 11) ]
2023-06-06 14:15:07,355 INFO [ Round 23: Wolf(19, 7) hunts Deer(18, 7) ]
2023-06-06 14:15:07,356 INFO [ Round 23: Wolf(3, 3) hunts Mouse(2, 2) ]
2023-06-06 14:15:07,356 INFO [ Round 23: Deer(19, 4) runs away from Eagle(17, 3) ]
2023-06-06 14:15:07,357 INFO [ Round 23: Beaver(10, 9) has eaten Tree(10, 9) ]
2023-06-06 14:15:07,360 INFO [ Round 23: Eagle(19, 7) hunts Deer(18, 7) ]
2023-06-06 14:15:07,361 INFO [ Round 23: Wolf(19, 7) hunts Deer(18, 7) ]
2023-06-06 14:15:07,362 INFO [ Round 23: Deer(15, 15) runs away from Eagle(16, 15) ]
2023-06-06 14:15:07,362 INFO [ Round 23: Wolf(0, 19) hunts Mouse(1, 19) ]
2023-06-06 14:15:07,363 INFO [ Round 23: Deer(0, 7) runs away from Wolf(3, 3) ]
2023-06-06 14:15:07,364 INFO [ Round 23: Eagle(0, 7) hunts Deer(0, 8) ]
2023-06-06 14:15:07,364 INFO [ Round 23: Eagle(4, 13) hunts Deer(2, 11) ]
2023-06-06 14:15:07,365 INFO [ Round 23: Wolf(3, 3) hunts Mouse(2, 2) ]
2023-06-06 14:15:07,366 INFO [ Round 23: Eagle(19, 7) hunts Deer(18, 7) ]
2023-06-06 14:15:07,367 INFO [ Round 23: Mouse(1, 19) runs away from Wolf(0, 19) ]
2023-06-06 14:15:07,367 INFO [ Round 23: Mouse(0, 19) runs away from Wolf(1, 19) ]
2023-06-06 14:15:07,367 INFO [ Round 23: Wolf(9, 10) hunts Deer(9, 11) ]
2023-06-06 14:15:07,368 INFO [ Round 23: Wolf(19, 7) hunts Deer(18, 7) ]
2023-06-06 14:15:07,368 INFO [ Round 23: Deer(19, 0) runs away from Eagle(18, 2) ]
2023-06-06 14:15:07,773 INFO [ Round 24: Deer(12, 8) runs away from Eagle(8, 7) ]
2023-06-06 14:15:07,775 INFO [ Round 24: Wolf(9, 11) hunts Deer(6, 10) ]
2023-06-06 14:15:07,776 INFO [ Round 24: Eagle(18, 7) hunts Deer(17, 7) ]
2023-06-06 14:15:07,778 INFO [ Round 24: Eagle(18, 7) hunts Deer(17, 7) ]
2023-06-06 14:15:07,778 INFO [ Round 24: Eagle(18, 7) hunts Deer(17, 7) ]
2023-06-06 14:15:07,779 INFO [ Round 24: Wolf(18, 7) hunts Deer(17, 7) ]
2023-06-06 14:15:07,780 INFO [ Round 24: Wolf(18, 7) hunts Deer(17, 7) ]
2023-06-06 14:15:07,780 INFO [ Round 24: Deer(0, 7) runs away from Eagle(0, 8) ]
2023-06-06 14:15:07,781 INFO [ Round 24: Eagle(18, 7) hunts Deer(17, 7) ]
2023-06-06 14:15:07,781 INFO [ Round 24: Eagle(9, 11) hunts Mouse(10, 11) ]
2023-06-06 14:15:07,782 INFO [ Round 24: Wolf(18, 7) hunts Deer(17, 7) ]
2023-06-06 14:15:07,782 INFO [ Round 24: Wolf(2, 2) hunts Mouse(3, 3) ]
2023-06-06 14:15:07,787 INFO [ Round 24: Eagle(18, 7) hunts Deer(17, 7) ]
2023-06-06 14:15:07,788 INFO [ Round 24: Wolf(18, 7) hunts Deer(17, 7) ]
2023-06-06 14:15:07,789 INFO [ Round 24: Wolf(1, 19) hunts Mouse(0, 19) ]
2023-06-06 14:15:07,790 INFO [ Round 24: Deer(0, 8) runs away from Eagle(2, 11) ]
2023-06-06 14:15:07,791 INFO [ Round 24: Eagle(0, 8) hunts Deer(0, 7) ]
2023-06-06 14:15:07,791 INFO [ Round 24: Eagle(2, 11) hunts Deer(4, 13) ]
2023-06-06 14:15:07,791 INFO [ Round 24: Wolf(2, 2) hunts Mouse(3, 3) ]
2023-06-06 14:15:07,792 INFO [ Round 24: Eagle(18, 7) hunts Deer(17, 7) ]
2023-06-06 14:15:07,793 INFO [ Round 24: Wolf(1, 17) hunts Mouse(0, 19) ]
2023-06-06 14:15:07,794 INFO [ Round 24: Wolf(1, 16) hunts Mouse(1, 17) ]
2023-06-06 14:15:07,794 INFO [ Round 24: Wolf(18, 7) hunts Deer(17, 7) ]
2023-06-06 14:15:07,794 INFO [ Round 24: Deer(19, 0) runs away from Eagle(17, 3) ]
2023-06-06 14:15:08,201 INFO [ Round 25: Wolf(6, 10) hunts Deer(4, 8) ]
2023-06-06 14:15:08,203 INFO [ Round 25: Eagle(17, 7) hunts Deer(16, 7) ]
2023-06-06 14:15:08,203 INFO [ Round 25: Eagle(17, 7) hunts Deer(16, 7) ]
2023-06-06 14:15:08,204 INFO [ Round 25: Eagle(17, 7) hunts Deer(16, 7) ]
2023-06-06 14:15:08,205 INFO [ Round 25: Wolf(17, 7) hunts Deer(16, 7) ]
2023-06-06 14:15:08,206 INFO [ Round 25: Wolf(17, 7) hunts Deer(16, 7) ]
2023-06-06 14:15:08,206 INFO [ Round 25: Deer(0, 4) runs away from Wolf(0, 2) ]
2023-06-06 14:15:08,207 INFO [ Round 25: Eagle(17, 7) hunts Deer(16, 7) ]
2023-06-06 14:15:08,208 INFO [ Round 25: Wolf(17, 7) hunts Deer(16, 7) ]
2023-06-06 14:15:08,208 INFO [ Round 25: Wolf(3, 3) hunts Mouse(2, 2) ]
2023-06-06 14:15:08,209 INFO [ Round 25: Deer(18, 4) runs away from Eagle(17, 3) ]
2023-06-06 14:15:08,210 INFO [ Round 25: Beaver(12, 11) has eaten Tree(12, 11) ]
2023-06-06 14:15:08,212 INFO [ Round 25: Deer(2, 19) runs away from Wolf(0, 19) ]
2023-06-06 14:15:08,213 INFO [ Round 25: Eagle(17, 7) hunts Deer(16, 7) ]
2023-06-06 14:15:08,213 INFO [ Round 25: Wolf(17, 7) hunts Deer(16, 7) ]
2023-06-06 14:15:08,215 INFO [ Round 25: Deer(11, 14) has drunk Water(11, 14) ]
2023-06-06 14:15:08,215 INFO [ Round 25: Deer(0, 7) runs away from Wolf(0, 2) ]
2023-06-06 14:15:08,217 INFO [ Round 25: Eagle(0, 7) hunts Deer(0, 8) ]
2023-06-06 14:15:08,217 INFO [ Round 25: Eagle(4, 13) hunts Deer(6, 10) ]
2023-06-06 14:15:08,217 INFO [ Round 25: Wolf(3, 3) hunts Mouse(2, 2) ]
2023-06-06 14:15:08,218 INFO [ Round 25: Eagle(17, 7) hunts Deer(16, 7) ]
2023-06-06 14:15:08,219 INFO [ Round 25: Mouse(1, 17) runs away from Wolf(1, 16) ]
2023-06-06 14:15:08,219 INFO [ Round 25: Wolf(0, 2) hunts Deer(19, 0) ]
2023-06-06 14:15:08,220 INFO [ Round 25: Wolf(1, 17) hunts Mouse(1, 19) ]
2023-06-06 14:15:08,220 INFO [ Round 25: Wolf(17, 7) hunts Deer(16, 7) ]
2023-06-06 14:15:08,220 INFO [ Round 25: Deer(19, 0) runs away from Eagle(18, 2) ]
2023-06-06 14:15:08,220 INFO [ Round 25: Deer(4, 8) runs away from Eagle(6, 10) ]
2023-06-06 14:15:08,220 INFO [ Round 25: Eagle(0, 0) hunts Deer(19, 0) ]
2023-06-06 14:15:08,628 INFO [ Round 26: Eagle(16, 7) hunts Deer(16, 8) ]
2023-06-06 14:15:08,629 INFO [ Round 26: Eagle(16, 7) hunts Deer(16, 8) ]
2023-06-06 14:15:08,630 INFO [ Round 26: Eagle(16, 7) hunts Deer(16, 8) ]
2023-06-06 14:15:08,631 INFO [ Round 26: Wolf(16, 7) hunts Deer(16, 8) ]
2023-06-06 14:15:08,631 INFO [ Round 26: Wolf(16, 7) hunts Deer(16, 8) ]
2023-06-06 14:15:08,632 INFO [ Round 26: Deer(0, 7) runs away from Eagle(0, 8) ]
2023-06-06 14:15:08,632 INFO [ Round 26: Eagle(16, 7) hunts Deer(16, 8) ]
2023-06-06 14:15:08,633 INFO [ Round 26: Wolf(16, 7) hunts Deer(16, 8) ]
2023-06-06 14:15:08,634 INFO [ Round 26: Wolf(2, 2) hunts Mouse(3, 3) ]
2023-06-06 14:15:08,635 INFO [ Round 26: Mouse(12, 8) runs away from Eagle(10, 9) ]
2023-06-06 14:15:08,638 INFO [ Round 26: Eagle(16, 7) hunts Deer(16, 8) ]
2023-06-06 14:15:08,639 INFO [ Round 26: Wolf(16, 7) hunts Deer(16, 8) ]
2023-06-06 14:15:08,642 INFO [ Round 26: Eagle(18, 2) hunts Mouse(17, 3) ]
2023-06-06 14:15:08,642 INFO [ Round 26: Eagle(0, 8) hunts Deer(1, 8) ]
2023-06-06 14:15:08,643 INFO [ Round 26: Wolf(2, 2) hunts Mouse(3, 3) ]
2023-06-06 14:15:08,643 INFO [ Round 26: Beaver(9, 1) has eaten Tree(9, 1) ]
2023-06-06 14:15:08,644 INFO [ Round 26: Eagle(16, 7) hunts Deer(16, 8) ]
2023-06-06 14:15:08,644 INFO [ Round 26: Wolf(1, 16) hunts Mouse(6, 14) ]
2023-06-06 14:15:08,645 INFO [ Round 26: Mouse(2, 19) runs away from Wolf(1, 19) ]
2023-06-06 14:15:08,646 INFO [ Round 26: Wolf(16, 7) hunts Deer(16, 8) ]
2023-06-06 14:15:08,646 INFO [ Round 26: Deer(19, 0) runs away from Eagle(17, 3) ]
2023-06-06 14:15:08,646 INFO [ Round 26: Deer(0, 3) runs away from Wolf(3, 3) ]
2023-06-06 14:15:08,646 INFO [ Round 26: Eagle(8, 0) hunts Mouse(7, 19) ]
2023-06-06 14:15:09,051 INFO [ Round 27: Deer(11, 9) runs away from Eagle(10, 9) ]
2023-06-06 14:15:09,053 INFO [ Round 27: Wolf(2, 11) hunts Deer(9, 11) ]
2023-06-06 14:15:09,054 INFO [ Round 27: Eagle(16, 8) hunts Deer(16, 7) ]
2023-06-06 14:15:09,055 INFO [ Round 27: Eagle(16, 8) hunts Deer(16, 7) ]
2023-06-06 14:15:09,055 INFO [ Round 27: Eagle(16, 8) hunts Deer(16, 7) ]
2023-06-06 14:15:09,057 INFO [ Round 27: Wolf(16, 8) hunts Deer(16, 7) ]
2023-06-06 14:15:09,057 INFO [ Round 27: Wolf(16, 8) hunts Deer(16, 7) ]
2023-06-06 14:15:09,058 INFO [ Round 27: Eagle(16, 8) hunts Deer(16, 7) ]
2023-06-06 14:15:09,059 INFO [ Round 27: Wolf(16, 8) hunts Deer(16, 7) ]
2023-06-06 14:15:09,059 INFO [ Round 27: Wolf(3, 3) hunts Mouse(2, 2) ]
2023-06-06 14:15:09,059 INFO [ Round 27: Deer(18, 4) runs away from Eagle(17, 3) ]
2023-06-06 14:15:09,060 INFO [ Round 27: Beaver(13, 12) has eaten Tree(13, 12) ]
2023-06-06 14:15:09,063 INFO [ Round 27: Eagle(16, 8) hunts Deer(16, 7) ]
2023-06-06 14:15:09,063 INFO [ Round 27: Wolf(16, 8) hunts Deer(16, 7) ]
2023-06-06 14:15:09,065 INFO [ Round 27: Wolf(1, 17) hunts Mouse(6, 18) ]
2023-06-06 14:15:09,066 INFO [ Round 27: Deer(1, 8) runs away from Eagle(0, 8) ]
2023-06-06 14:15:09,067 INFO [ Round 27: Eagle(1, 8) hunts Deer(2, 8) ]
2023-06-06 14:15:09,067 INFO [ Round 27: Eagle(4, 8) hunts Deer(6, 10) ]
2023-06-06 14:15:09,068 INFO [ Round 27: Wolf(3, 3) hunts Mouse(2, 2) ]
2023-06-06 14:15:09,069 INFO [ Round 27: Eagle(16, 8) hunts Deer(16, 7) ]
2023-06-06 14:15:09,069 INFO [ Round 27: Wolf(6, 14) hunts Deer(10, 14) ]
2023-06-06 14:15:09,069 INFO [ Round 27: Mouse(7, 19) runs away from Wolf(6, 18) ]
2023-06-06 14:15:09,070 INFO [ Round 27: Wolf(1, 16) hunts Mouse(1, 17) ]
2023-06-06 14:15:09,070 INFO [ Round 27: Wolf(16, 8) hunts Deer(16, 7) ]
2023-06-06 14:15:09,070 INFO [ Round 27: Deer(19, 0) runs away from Eagle(18, 2) ]
2023-06-06 14:15:09,070 INFO [ Round 27: Deer(0, 3) runs away from Wolf(2, 2) ]
2023-06-06 14:15:09,480 INFO [ Round 28: Eagle(16, 7) hunts Deer(16, 8) ]
2023-06-06 14:15:09,481 INFO [ Round 28: Eagle(16, 7) hunts Deer(16, 8) ]
2023-06-06 14:15:09,481 INFO [ Round 28: Eagle(16, 7) hunts Deer(16, 8) ]
2023-06-06 14:15:09,482 INFO [ Round 28: Wolf(16, 7) hunts Deer(16, 8) ]
2023-06-06 14:15:09,482 INFO [ Round 28: Wolf(16, 7) hunts Deer(16, 8) ]
2023-06-06 14:15:09,482 INFO [ Round 28: Deer(3, 1) runs away from Wolf(2, 2) ]
2023-06-06 14:15:09,482 INFO [ Round 28: Eagle(16, 7) hunts Deer(16, 8) ]
2023-06-06 14:15:09,482 INFO [ Round 28: Eagle(0, 0) hunts Deer(19, 0) ]
2023-06-06 14:15:09,483 INFO [ Round 28: Wolf(16, 7) hunts Deer(16, 8) ]
2023-06-06 14:15:09,483 INFO [ Round 28: Wolf(2, 2) hunts Mouse(3, 3) ]
2023-06-06 14:15:09,484 INFO [ Round 28: Deer(2, 19) runs away from Wolf(1, 17) ]
2023-06-06 14:15:09,484 INFO [ Round 28: Eagle(16, 7) hunts Deer(16, 8) ]
2023-06-06 14:15:09,484 INFO [ Round 28: Wolf(16, 7) hunts Deer(16, 8) ]
2023-06-06 14:15:09,485 INFO [ Round 28: Deer(10, 14) has been attacked by Wolf(10, 14) ]
2023-06-06 14:15:09,485 INFO [ Round 28: Wolf(6, 18) hunts Deer(6, 19) ]
2023-06-06 14:15:09,486 INFO [ Round 28: Eagle(18, 2) hunts Mouse(17, 3) ]
2023-06-06 14:15:09,486 INFO [ Round 28: Eagle(2, 8) hunts Deer(3, 8) ]
2023-06-06 14:15:09,486 INFO [ Round 28: Wolf(2, 2) hunts Mouse(3, 3) ]
2023-06-06 14:15:09,487 INFO [ Round 28: Eagle(16, 7) hunts Deer(16, 8) ]
2023-06-06 14:15:09,487 INFO [ Round 28: Wolf(10, 14) has been removed ]
2023-06-06 14:15:09,487 INFO [ Round 28: Wolf(1, 17) hunts Mouse(1, 16) ]
2023-06-06 14:15:09,488 INFO [ Round 28: Wolf(16, 7) hunts Deer(16, 8) ]
2023-06-06 14:15:09,488 INFO [ Round 28: Deer(19, 0) runs away from Eagle(17, 3) ]
2023-06-06 14:15:09,488 INFO [ Round 28: Deer(0, 8) runs away from Eagle(3, 8) ]
2023-06-06 14:15:09,488 INFO [ Round 28: Eagle(8, 0) hunts Deer(6, 0) ]
2023-06-06 14:15:09,895 INFO [ Round 29: Mouse(7, 17) runs away from Wolf(6, 19) ]
2023-06-06 14:15:09,896 INFO [ Round 29: Wolf(4, 8) hunts Deer(0, 8) ]
2023-06-06 14:15:09,897 INFO [ Round 29: Eagle(16, 8) hunts Deer(16, 7) ]
2023-06-06 14:15:09,898 INFO [ Round 29: Eagle(16, 8) hunts Deer(16, 7) ]
2023-06-06 14:15:09,899 INFO [ Round 29: Eagle(16, 8) hunts Deer(16, 7) ]
2023-06-06 14:15:09,900 INFO [ Round 29: Wolf(16, 8) hunts Deer(16, 7) ]
2023-06-06 14:15:09,901 INFO [ Round 29: Wolf(16, 8) hunts Deer(16, 7) ]
2023-06-06 14:15:09,901 INFO [ Round 29: Eagle(16, 8) hunts Deer(16, 7) ]
2023-06-06 14:15:09,903 INFO [ Round 29: Wolf(16, 8) hunts Deer(16, 7) ]
2023-06-06 14:15:09,903 INFO [ Round 29: Wolf(3, 3) hunts Mouse(2, 2) ]
2023-06-06 14:15:09,903 INFO [ Round 29: Deer(18, 4) runs away from Eagle(17, 3) ]
2023-06-06 14:15:09,905 INFO [ Round 29: Beaver(15, 13) has eaten Tree(15, 13) ]
2023-06-06 14:15:09,909 INFO [ Round 29: Deer(6, 19) runs away from Wolf(7, 19) ]
2023-06-06 14:15:09,909 INFO [ Round 29: Eagle(16, 8) hunts Deer(16, 7) ]
2023-06-06 14:15:09,910 INFO [ Round 29: Wolf(16, 8) hunts Deer(16, 7) ]
2023-06-06 14:15:09,911 INFO [ Round 29: Wolf(6, 19) hunts Mouse(8, 16) ]
2023-06-06 14:15:09,912 INFO [ Round 29: Deer(3, 8) runs away from Eagle(4, 8) ]
2023-06-06 14:15:09,912 INFO [ Round 29: Deer(4, 8) runs away from Eagle(3, 8) ]
2023-06-06 14:15:09,913 INFO [ Round 29: Eagle(3, 8) hunts Deer(2, 8) ]
2023-06-06 14:15:09,913 INFO [ Round 29: Wolf(3, 3) hunts Mouse(2, 2) ]
2023-06-06 14:15:09,915 INFO [ Round 29: Eagle(16, 8) hunts Deer(16, 7) ]
2023-06-06 14:15:09,915 INFO [ Round 29: Wolf(1, 16) hunts Mouse(1, 17) ]
2023-06-06 14:15:09,916 INFO [ Round 29: Wolf(16, 8) hunts Deer(16, 7) ]
2023-06-06 14:15:09,916 INFO [ Round 29: Deer(19, 0) runs away from Eagle(18, 2) ]
2023-06-06 14:15:09,916 INFO [ Round 29: Deer(0, 8) runs away from Eagle(2, 8) ]
2023-06-06 14:15:10,324 INFO [ Round 30: Eagle(16, 7) hunts Deer(16, 8) ]
2023-06-06 14:15:10,325 INFO [ Round 30: Eagle(16, 7) hunts Deer(16, 8) ]
2023-06-06 14:15:10,325 INFO [ Round 30: Eagle(16, 7) hunts Deer(16, 8) ]
2023-06-06 14:15:10,325 INFO [ Round 30: Wolf(16, 7) hunts Deer(16, 8) ]
2023-06-06 14:15:10,326 INFO [ Round 30: Wolf(16, 7) hunts Deer(16, 8) ]
2023-06-06 14:15:10,326 INFO [ Round 30: Deer(4, 0) runs away from Wolf(2, 2) ]
2023-06-06 14:15:10,326 INFO [ Round 30: Eagle(16, 7) hunts Deer(16, 8) ]
2023-06-06 14:15:10,326 INFO [ Round 30: Wolf(16, 7) hunts Deer(16, 8) ]
2023-06-06 14:15:10,326 INFO [ Round 30: Wolf(2, 2) hunts Mouse(3, 3) ]
2023-06-06 14:15:10,328 INFO [ Round 30: Deer(2, 19) runs away from Wolf(1, 17) ]
2023-06-06 14:15:10,328 INFO [ Round 30: Eagle(16, 7) hunts Deer(16, 8) ]
2023-06-06 14:15:10,328 INFO [ Round 30: Wolf(16, 7) hunts Deer(16, 8) ]
2023-06-06 14:15:10,329 INFO [ Round 30: Wolf(8, 16) hunts Deer(10, 14) ]
2023-06-06 14:15:10,329 INFO [ Round 30: Eagle(18, 2) hunts Mouse(17, 3) ]
2023-06-06 14:15:10,330 INFO [ Round 30: Eagle(2, 8) hunts Deer(3, 8) ]
2023-06-06 14:15:10,330 INFO [ Round 30: Eagle(2, 11) hunts Deer(0, 8) ]
2023-06-06 14:15:10,330 INFO [ Round 30: Wolf(2, 2) hunts Mouse(3, 3) ]
2023-06-06 14:15:10,331 INFO [ Round 30: Eagle(16, 7) hunts Deer(16, 8) ]
2023-06-06 14:15:10,331 INFO [ Round 30: Mouse(15, 11) runs away from Wolf(16, 10) ]
2023-06-06 14:15:10,331 INFO [ Round 30: Wolf(16, 10) hunts Deer(16, 8) ]
2023-06-06 14:15:10,331 INFO [ Round 30: Wolf(1, 17) hunts Mouse(1, 16) ]
2023-06-06 14:15:10,332 INFO [ Round 30: Wolf(16, 7) hunts Deer(16, 8) ]
2023-06-06 14:15:10,332 INFO [ Round 30: Deer(19, 0) runs away from Eagle(17, 3) ]
2023-06-06 14:15:10,332 INFO [ Round 30: Eagle(7, 2) hunts Deer(7, 0) ]
2023-06-06 14:15:10,740 INFO [ Round 31: Wolf(4, 8) hunts Deer(6, 10) ]
2023-06-06 14:15:10,741 INFO [ Round 31: Eagle(16, 8) hunts Deer(16, 7) ]
2023-06-06 14:15:10,742 INFO [ Round 31: Eagle(16, 8) hunts Deer(16, 7) ]
2023-06-06 14:15:10,742 INFO [ Round 31: Eagle(16, 8) hunts Deer(16, 7) ]
2023-06-06 14:15:10,743 INFO [ Round 31: Wolf(16, 8) hunts Deer(16, 7) ]
2023-06-06 14:15:10,744 INFO [ Round 31: Wolf(16, 8) hunts Deer(16, 7) ]
2023-06-06 14:15:10,744 INFO [ Round 31: Eagle(16, 8) hunts Deer(16, 7) ]
2023-06-06 14:15:10,746 INFO [ Round 31: Wolf(16, 8) hunts Deer(16, 7) ]
2023-06-06 14:15:10,746 INFO [ Round 31: Wolf(3, 3) hunts Mouse(2, 2) ]
2023-06-06 14:15:10,746 INFO [ Round 31: Deer(18, 4) runs away from Eagle(17, 3) ]
2023-06-06 14:15:10,747 INFO [ Round 31: Beaver(16, 17) has eaten Tree(16, 17) ]
2023-06-06 14:15:10,752 INFO [ Round 31: Eagle(16, 8) hunts Deer(16, 7) ]
2023-06-06 14:15:10,752 INFO [ Round 31: Wolf(16, 8) hunts Deer(16, 7) ]
2023-06-06 14:15:10,753 INFO [ Round 31: Deer(10, 14) has been attacked by Wolf(10, 14) ]
2023-06-06 14:15:10,753 INFO [ Round 31: Wolf(10, 14) has been removed ]
2023-06-06 14:15:10,755 INFO [ Round 31: Eagle(0, 8) hunts Deer(2, 11) ]
2023-06-06 14:15:10,756 INFO [ Round 31: Wolf(3, 3) hunts Mouse(2, 2) ]
2023-06-06 14:15:10,757 INFO [ Round 31: Eagle(16, 8) hunts Deer(16, 7) ]
2023-06-06 14:15:10,757 INFO [ Round 31: Wolf(16, 8) hunts Deer(16, 7) ]
2023-06-06 14:15:10,757 INFO [ Round 31: Wolf(1, 16) hunts Mouse(1, 17) ]
2023-06-06 14:15:10,758 INFO [ Round 31: Wolf(16, 8) hunts Deer(16, 7) ]
2023-06-06 14:15:10,758 INFO [ Round 31: Deer(19, 0) runs away from Eagle(18, 2) ]
2023-06-06 14:15:10,758 INFO [ Round 31: Eagle(7, 0) hunts Deer(7, 2) ]
2023-06-06 14:15:11,166 INFO [ Round 32: Eagle(16, 7) hunts Deer(16, 8) ]
2023-06-06 14:15:11,167 INFO [ Round 32: Eagle(16, 7) hunts Deer(16, 8) ]
2023-06-06 14:15:11,168 INFO [ Round 32: Eagle(16, 7) hunts Deer(16, 8) ]
2023-06-06 14:15:11,169 INFO [ Round 32: Wolf(16, 7) hunts Deer(16, 8) ]
2023-06-06 14:15:11,169 INFO [ Round 32: Wolf(16, 7) hunts Deer(16, 8) ]
2023-06-06 14:15:11,170 INFO [ Round 32: Eagle(16, 7) hunts Deer(16, 8) ]
2023-06-06 14:15:11,171 INFO [ Round 32: Wolf(16, 7) hunts Deer(16, 8) ]
2023-06-06 14:15:11,171 INFO [ Round 32: Wolf(2, 2) hunts Mouse(3, 3) ]
2023-06-06 14:15:11,177 INFO [ Round 32: Eagle(16, 7) hunts Deer(16, 8) ]
2023-06-06 14:15:11,177 INFO [ Round 32: Wolf(16, 7) hunts Deer(16, 8) ]
2023-06-06 14:15:11,180 INFO [ Round 32: Eagle(18, 2) hunts Mouse(17, 3) ]
2023-06-06 14:15:11,181 INFO [ Round 32: Eagle(4, 8) hunts Deer(5, 9) ]
2023-06-06 14:15:11,181 INFO [ Round 32: Eagle(2, 11) has been removed ]
2023-06-06 14:15:11,181 INFO [ Round 32: Wolf(2, 2) hunts Mouse(3, 3) ]
2023-06-06 14:15:11,182 INFO [ Round 32: Eagle(16, 7) hunts Deer(16, 8) ]
2023-06-06 14:15:11,183 INFO [ Round 32: Wolf(16, 7) hunts Deer(16, 8) ]
2023-06-06 14:15:11,183 INFO [ Round 32: Wolf(1, 17) hunts Mouse(1, 16) ]
2023-06-06 14:15:11,184 INFO [ Round 32: Wolf(16, 7) hunts Deer(16, 8) ]
2023-06-06 14:15:11,184 INFO [ Round 32: Deer(19, 0) runs away from Eagle(17, 3) ]
2023-06-06 14:15:11,592 INFO [ Round 33: Wolf(5, 11) hunts Deer(6, 10) ]
2023-06-06 14:15:11,593 INFO [ Round 33: Eagle(16, 8) hunts Deer(16, 7) ]
2023-06-06 14:15:11,594 INFO [ Round 33: Eagle(16, 8) hunts Deer(16, 7) ]
2023-06-06 14:15:11,594 INFO [ Round 33: Eagle(16, 8) hunts Deer(16, 7) ]
2023-06-06 14:15:11,595 INFO [ Round 33: Wolf(16, 8) hunts Deer(16, 7) ]
2023-06-06 14:15:11,596 INFO [ Round 33: Wolf(16, 8) hunts Deer(16, 7) ]
2023-06-06 14:15:11,596 INFO [ Round 33: Mouse(6, 10) runs away from Eagle(5, 9) ]
2023-06-06 14:15:11,596 INFO [ Round 33: Eagle(16, 8) hunts Deer(16, 7) ]
2023-06-06 14:15:11,598 INFO [ Round 33: Wolf(16, 8) hunts Deer(16, 7) ]
2023-06-06 14:15:11,598 INFO [ Round 33: Wolf(3, 3) hunts Mouse(2, 2) ]
2023-06-06 14:15:11,598 INFO [ Round 33: Deer(18, 4) runs away from Eagle(17, 3) ]
2023-06-06 14:15:11,599 INFO [ Round 33: Beaver(16, 18) has eaten Tree(16, 18) ]
2023-06-06 14:15:11,603 INFO [ Round 33: Eagle(16, 8) hunts Deer(16, 7) ]
2023-06-06 14:15:11,603 INFO [ Round 33: Wolf(16, 8) hunts Deer(16, 7) ]
2023-06-06 14:15:11,606 INFO [ Round 33: Deer(6, 10) runs away from Eagle(5, 9) ]
2023-06-06 14:15:11,606 INFO [ Round 33: Wolf(3, 3) hunts Mouse(2, 2) ]
2023-06-06 14:15:11,607 INFO [ Round 33: Eagle(16, 8) hunts Deer(16, 7) ]
2023-06-06 14:15:11,608 INFO [ Round 33: Wolf(16, 8) hunts Deer(16, 7) ]
2023-06-06 14:15:11,608 INFO [ Round 33: Wolf(1, 16) hunts Deer(1, 17) ]
2023-06-06 14:15:11,609 INFO [ Round 33: Wolf(16, 8) hunts Deer(16, 7) ]
2023-06-06 14:15:11,609 INFO [ Round 33: Deer(19, 0) runs away from Eagle(18, 2) ]
2023-06-06 14:15:11,609 INFO [ Round 33: Eagle(0, 10) has been removed ]
2023-06-06 14:15:12,021 INFO [ Round 34: Wolf(2, 2) hunts Mouse(3, 3) ]
2023-06-06 14:15:12,029 INFO [ Round 34: Eagle(18, 2) hunts Mouse(17, 3) ]
2023-06-06 14:15:12,030 INFO [ Round 34: Eagle(4, 8) hunts Deer(5, 9) ]
2023-06-06 14:15:12,030 INFO [ Round 34: Wolf(2, 2) hunts Mouse(3, 3) ]
2023-06-06 14:15:12,031 INFO [ Round 34: Beaver(3, 12) has eaten Tree(3, 12) ]
2023-06-06 14:15:12,031 INFO [ Round 34: Eagle(16, 7) hunts Deer(16, 8) ]
2023-06-06 14:15:12,031 INFO [ Round 34: Mouse(2, 19) runs away from Wolf(1, 17) ]
2023-06-06 14:15:12,032 INFO [ Round 34: Mouse(2, 19) runs away from Wolf(1, 17) ]
2023-06-06 14:15:12,032 INFO [ Round 34: Wolf(16, 7) hunts Deer(16, 8) ]
2023-06-06 14:15:12,032 INFO [ Round 34: Wolf(16, 7) hunts Deer(16, 8) ]
2023-06-06 14:15:12,033 INFO [ Round 34: Deer(19, 0) runs away from Eagle(17, 3) ]
2023-06-06 14:15:12,438 INFO [ Round 35: Deer(12, 8) runs away from Wolf(15, 6) ]
2023-06-06 14:15:12,441 INFO [ Round 35: Eagle(15, 6) hunts Mouse(14, 6) ]
2023-06-06 14:15:12,442 INFO [ Round 35: Eagle(15, 6) hunts Mouse(14, 6) ]
2023-06-06 14:15:12,442 INFO [ Round 35: Eagle(15, 6) hunts Mouse(14, 6) ]
2023-06-06 14:15:12,442 INFO [ Round 35: Mouse(14, 6) runs away from Wolf(15, 6) ]
2023-06-06 14:15:12,444 INFO [ Round 35: Wolf(15, 6) hunts Deer(16, 7) ]
2023-06-06 14:15:12,444 INFO [ Round 35: Wolf(15, 6) hunts Deer(16, 7) ]
2023-06-06 14:15:12,445 INFO [ Round 35: Eagle(15, 6) hunts Deer(16, 7) ]
2023-06-06 14:15:12,446 INFO [ Round 35: Wolf(15, 6) hunts Deer(16, 7) ]
2023-06-06 14:15:12,446 INFO [ Round 35: Wolf(3, 3) hunts Mouse(2, 2) ]
2023-06-06 14:15:12,446 INFO [ Round 35: Deer(18, 4) runs away from Eagle(17, 3) ]
2023-06-06 14:15:12,452 INFO [ Round 35: Eagle(15, 6) hunts Deer(16, 7) ]
2023-06-06 14:15:12,452 INFO [ Round 35: Wolf(15, 6) hunts Deer(16, 7) ]
2023-06-06 14:15:12,455 INFO [ Round 35: Wolf(3, 3) hunts Mouse(2, 2) ]
2023-06-06 14:15:12,456 INFO [ Round 35: Eagle(16, 8) hunts Deer(16, 7) ]
2023-06-06 14:15:12,457 INFO [ Round 35: Wolf(16, 8) hunts Deer(16, 7) ]
2023-06-06 14:15:12,457 INFO [ Round 35: Wolf(1, 16) hunts Deer(1, 17) ]
2023-06-06 14:15:12,458 INFO [ Round 35: Wolf(16, 8) hunts Deer(16, 7) ]
2023-06-06 14:15:12,458 INFO [ Round 35: Deer(19, 0) runs away from Eagle(18, 2) ]
2023-06-06 14:15:12,864 INFO [ Round 36: Mouse(2, 19) runs away from Wolf(1, 17) ]
2023-06-06 14:15:12,865 INFO [ Round 36: Wolf(4, 8) hunts Deer(6, 10) ]
2023-06-06 14:15:12,866 INFO [ Round 36: Eagle(14, 6) hunts Deer(15, 6) ]
2023-06-06 14:15:12,867 INFO [ Round 36: Eagle(14, 6) hunts Deer(15, 6) ]
2023-06-06 14:15:12,868 INFO [ Round 36: Eagle(14, 6) hunts Deer(15, 6) ]
2023-06-06 14:15:12,868 INFO [ Round 36: Wolf(16, 7) hunts Deer(15, 6) ]
2023-06-06 14:15:12,869 INFO [ Round 36: Wolf(16, 7) hunts Deer(15, 6) ]
2023-06-06 14:15:12,869 INFO [ Round 36: Eagle(16, 7) hunts Deer(15, 6) ]
2023-06-06 14:15:12,869 INFO [ Round 36: Wolf(16, 7) hunts Deer(15, 6) ]
2023-06-06 14:15:12,869 INFO [ Round 36: Wolf(2, 2) hunts Mouse(3, 3) ]
2023-06-06 14:15:12,870 INFO [ Round 36: Beaver(10, 16) has eaten Tree(10, 16) ]
2023-06-06 14:15:12,871 INFO [ Round 36: Eagle(16, 7) hunts Deer(15, 6) ]
2023-06-06 14:15:12,871 INFO [ Round 36: Wolf(16, 7) hunts Deer(15, 6) ]
2023-06-06 14:15:12,872 INFO [ Round 36: Eagle(18, 2) hunts Mouse(17, 3) ]
2023-06-06 14:15:12,872 INFO [ Round 36: Eagle(4, 8) hunts Deer(5, 9) ]
2023-06-06 14:15:12,872 INFO [ Round 36: Wolf(2, 2) hunts Mouse(3, 3) ]
2023-06-06 14:15:12,873 INFO [ Round 36: Eagle(16, 7) hunts Deer(15, 6) ]
2023-06-06 14:15:12,873 INFO [ Round 36: Mouse(7, 17) runs away from Eagle(10, 19) ]
2023-06-06 14:15:12,874 INFO [ Round 36: Wolf(16, 7) hunts Deer(15, 6) ]
2023-06-06 14:15:12,874 INFO [ Round 36: Wolf(16, 7) hunts Deer(15, 6) ]
2023-06-06 14:15:12,874 INFO [ Round 36: Deer(19, 0) runs away from Eagle(17, 3) ]
2023-06-06 14:15:12,874 INFO [ Round 36: Deer(6, 10) runs away from Eagle(5, 9) ]
2023-06-06 14:15:13,281 INFO [ Round 37: Deer(12, 8) runs away from Wolf(15, 6) ]
2023-06-06 14:15:13,286 INFO [ Round 37: Eagle(15, 6) hunts Deer(16, 7) ]
2023-06-06 14:15:13,288 INFO [ Round 37: Eagle(15, 6) hunts Deer(16, 7) ]
2023-06-06 14:15:13,289 INFO [ Round 37: Eagle(15, 6) hunts Deer(16, 7) ]
2023-06-06 14:15:13,291 INFO [ Round 37: Wolf(15, 6) hunts Deer(16, 7) ]
2023-06-06 14:15:13,292 INFO [ Round 37: Wolf(15, 6) hunts Deer(16, 7) ]
2023-06-06 14:15:13,292 INFO [ Round 37: Deer(4, 5) runs away from Wolf(3, 3) ]
2023-06-06 14:15:13,293 INFO [ Round 37: Eagle(15, 6) hunts Deer(16, 7) ]
2023-06-06 14:15:13,295 INFO [ Round 37: Wolf(15, 6) hunts Deer(16, 7) ]
2023-06-06 14:15:13,295 INFO [ Round 37: Wolf(3, 3) hunts Mouse(2, 2) ]
2023-06-06 14:15:13,296 INFO [ Round 37: Deer(18, 4) runs away from Eagle(17, 3) ]
2023-06-06 14:15:13,300 INFO [ Round 37: Eagle(15, 6) hunts Deer(16, 7) ]
2023-06-06 14:15:13,301 INFO [ Round 37: Wolf(15, 6) hunts Deer(16, 7) ]
2023-06-06 14:15:13,302 INFO [ Round 37: Deer(5, 11) has drunk Water(5, 11) ]
2023-06-06 14:15:13,304 INFO [ Round 37: Wolf(3, 3) hunts Mouse(2, 2) ]
2023-06-06 14:15:13,306 INFO [ Round 37: Eagle(15, 6) hunts Deer(16, 7) ]
2023-06-06 14:15:13,306 INFO [ Round 37: Wolf(15, 6) hunts Deer(16, 7) ]
2023-06-06 14:15:13,307 INFO [ Round 37: Wolf(1, 16) hunts Deer(1, 17) ]
2023-06-06 14:15:13,308 INFO [ Round 37: Wolf(15, 6) hunts Deer(16, 7) ]
2023-06-06 14:15:13,308 INFO [ Round 37: Deer(19, 0) runs away from Eagle(18, 2) ]
2023-06-06 14:15:13,715 INFO [ Round 38: Mouse(2, 19) runs away from Wolf(1, 17) ]
2023-06-06 14:15:13,716 INFO [ Round 38: Wolf(5, 11) hunts Mouse(4, 13) ]
2023-06-06 14:15:13,717 INFO [ Round 38: Eagle(16, 7) hunts Deer(15, 6) ]
2023-06-06 14:15:13,718 INFO [ Round 38: Eagle(16, 7) hunts Deer(15, 6) ]
2023-06-06 14:15:13,718 INFO [ Round 38: Eagle(16, 7) hunts Deer(15, 6) ]
2023-06-06 14:15:13,720 INFO [ Round 38: Wolf(16, 7) hunts Deer(15, 6) ]
2023-06-06 14:15:13,720 INFO [ Round 38: Wolf(16, 7) hunts Deer(15, 6) ]
2023-06-06 14:15:13,720 INFO [ Round 38: Eagle(16, 7) hunts Deer(15, 6) ]
2023-06-06 14:15:13,721 INFO [ Round 38: Wolf(16, 7) hunts Deer(15, 6) ]
2023-06-06 14:15:13,721 INFO [ Round 38: Wolf(2, 2) hunts Mouse(3, 3) ]
2023-06-06 14:15:13,722 INFO [ Round 38: Eagle(16, 7) hunts Deer(15, 6) ]
2023-06-06 14:15:13,722 INFO [ Round 38: Wolf(16, 7) hunts Deer(15, 6) ]
2023-06-06 14:15:13,723 INFO [ Round 38: Eagle(18, 2) hunts Mouse(17, 3) ]
2023-06-06 14:15:13,724 INFO [ Round 38: Eagle(4, 8) hunts Deer(5, 9) ]
2023-06-06 14:15:13,724 INFO [ Round 38: Wolf(2, 2) hunts Mouse(3, 3) ]
2023-06-06 14:15:13,725 INFO [ Round 38: Eagle(16, 7) hunts Deer(15, 6) ]
2023-06-06 14:15:13,725 INFO [ Round 38: Wolf(16, 7) hunts Deer(15, 6) ]
2023-06-06 14:15:13,726 INFO [ Round 38: Wolf(1, 17) hunts Mouse(1, 16) ]
2023-06-06 14:15:13,726 INFO [ Round 38: Wolf(16, 7) hunts Deer(15, 6) ]
2023-06-06 14:15:13,726 INFO [ Round 38: Deer(19, 0) runs away from Eagle(17, 3) ]
2023-06-06 14:15:14,132 INFO [ Round 39: Deer(12, 8) runs away from Wolf(15, 6) ]
2023-06-06 14:15:14,134 INFO [ Round 39: Wolf(4, 13) hunts Deer(6, 10) ]
2023-06-06 14:15:14,135 INFO [ Round 39: Eagle(15, 6) hunts Deer(16, 7) ]
2023-06-06 14:15:14,136 INFO [ Round 39: Eagle(15, 6) hunts Deer(16, 7) ]
2023-06-06 14:15:14,137 INFO [ Round 39: Eagle(15, 6) hunts Deer(16, 7) ]
2023-06-06 14:15:14,138 INFO [ Round 39: Wolf(15, 6) hunts Deer(16, 7) ]
2023-06-06 14:15:14,138 INFO [ Round 39: Wolf(15, 6) hunts Deer(16, 7) ]
2023-06-06 14:15:14,139 INFO [ Round 39: Deer(6, 10) runs away from Eagle(5, 9) ]
2023-06-06 14:15:14,139 INFO [ Round 39: Mouse(6, 10) runs away from Eagle(5, 9) ]
2023-06-06 14:15:14,139 INFO [ Round 39: Eagle(15, 6) hunts Deer(16, 7) ]
2023-06-06 14:15:14,141 INFO [ Round 39: Wolf(15, 6) hunts Deer(16, 7) ]
2023-06-06 14:15:14,141 INFO [ Round 39: Wolf(3, 3) hunts Mouse(2, 2) ]
2023-06-06 14:15:14,141 INFO [ Round 39: Deer(18, 4) runs away from Eagle(17, 3) ]
2023-06-06 14:15:14,142 INFO [ Round 39: Beaver(9, 17) has eaten Tree(9, 17) ]
2023-06-06 14:15:14,146 INFO [ Round 39: Eagle(15, 6) hunts Deer(16, 7) ]
2023-06-06 14:15:14,146 INFO [ Round 39: Wolf(15, 6) hunts Deer(16, 7) ]
2023-06-06 14:15:14,148 INFO [ Round 39: Deer(6, 10) runs away from Eagle(5, 9) ]
2023-06-06 14:15:14,149 INFO [ Round 39: Deer(6, 10) runs away from Eagle(5, 9) ]
2023-06-06 14:15:14,150 INFO [ Round 39: Wolf(3, 3) hunts Mouse(2, 2) ]
2023-06-06 14:15:14,152 INFO [ Round 39: Eagle(15, 6) hunts Deer(16, 7) ]
2023-06-06 14:15:14,152 INFO [ Round 39: Wolf(15, 6) hunts Deer(16, 7) ]
2023-06-06 14:15:14,153 INFO [ Round 39: Wolf(1, 16) hunts Deer(1, 17) ]
2023-06-06 14:15:14,153 INFO [ Round 39: Wolf(15, 6) hunts Deer(16, 7) ]
2023-06-06 14:15:14,153 INFO [ Round 39: Deer(19, 0) runs away from Eagle(18, 2) ]
2023-06-06 14:15:14,560 INFO [ Round 40: Mouse(2, 19) runs away from Wolf(1, 17) ]
2023-06-06 14:15:14,562 INFO [ Round 40: Eagle(16, 7) hunts Deer(15, 6) ]
2023-06-06 14:15:14,562 INFO [ Round 40: Eagle(16, 7) hunts Deer(15, 6) ]
2023-06-06 14:15:14,563 INFO [ Round 40: Eagle(16, 7) hunts Deer(15, 6) ]
2023-06-06 14:15:14,564 INFO [ Round 40: Wolf(16, 7) hunts Deer(15, 6) ]
2023-06-06 14:15:14,565 INFO [ Round 40: Wolf(16, 7) hunts Deer(15, 6) ]
2023-06-06 14:15:14,565 INFO [ Round 40: Eagle(16, 7) hunts Deer(15, 6) ]
2023-06-06 14:15:14,567 INFO [ Round 40: Wolf(16, 7) hunts Deer(15, 6) ]
2023-06-06 14:15:14,567 INFO [ Round 40: Wolf(2, 2) hunts Mouse(3, 3) ]
2023-06-06 14:15:14,572 INFO [ Round 40: Eagle(16, 7) hunts Deer(15, 6) ]
2023-06-06 14:15:14,572 INFO [ Round 40: Wolf(16, 7) hunts Deer(15, 6) ]
2023-06-06 14:15:14,575 INFO [ Round 40: Eagle(18, 2) hunts Mouse(17, 3) ]
2023-06-06 14:15:14,575 INFO [ Round 40: Eagle(4, 8) hunts Deer(6, 10) ]
2023-06-06 14:15:14,576 INFO [ Round 40: Wolf(2, 2) hunts Mouse(3, 3) ]
2023-06-06 14:15:14,577 INFO [ Round 40: Eagle(16, 7) hunts Deer(15, 6) ]
2023-06-06 14:15:14,577 INFO [ Round 40: Mouse(2, 19) runs away from Wolf(1, 17) ]
2023-06-06 14:15:14,578 INFO [ Round 40: Wolf(16, 7) hunts Deer(15, 6) ]
2023-06-06 14:15:14,578 INFO [ Round 40: Wolf(16, 7) hunts Deer(15, 6) ]
2023-06-06 14:15:14,579 INFO [ Round 40: Deer(19, 0) runs away from Eagle(17, 3) ]
2023-06-06 14:15:14,983 INFO [ Round 41: Deer(12, 8) runs away from Wolf(15, 6) ]
2023-06-06 14:15:14,986 INFO [ Round 41: Eagle(15, 6) hunts Deer(16, 7) ]
2023-06-06 14:15:14,987 INFO [ Round 41: Eagle(15, 6) hunts Deer(16, 7) ]
2023-06-06 14:15:14,987 INFO [ Round 41: Eagle(15, 6) hunts Deer(16, 7) ]
2023-06-06 14:15:14,989 INFO [ Round 41: Wolf(15, 6) hunts Deer(16, 7) ]
2023-06-06 14:15:14,989 INFO [ Round 41: Wolf(15, 6) hunts Deer(16, 7) ]
2023-06-06 14:15:14,989 INFO [ Round 41: Eagle(15, 6) hunts Mouse(15, 7) ]
2023-06-06 14:15:14,990 INFO [ Round 41: Eagle(9, 0) has been removed ]
2023-06-06 14:15:14,991 INFO [ Round 41: Wolf(15, 6) hunts Deer(16, 7) ]
2023-06-06 14:15:14,991 INFO [ Round 41: Wolf(3, 3) hunts Mouse(2, 2) ]
2023-06-06 14:15:14,991 INFO [ Round 41: Deer(18, 4) runs away from Eagle(17, 3) ]
2023-06-06 14:15:14,995 INFO [ Round 41: Eagle(15, 6) hunts Deer(16, 7) ]
2023-06-06 14:15:14,995 INFO [ Round 41: Wolf(15, 6) hunts Deer(16, 7) ]
2023-06-06 14:15:14,997 INFO [ Round 41: Deer(9, 11) runs away from Eagle(6, 10) ]
2023-06-06 14:15:14,997 INFO [ Round 41: Deer(3, 9) runs away from Eagle(6, 10) ]
2023-06-06 14:15:14,999 INFO [ Round 41: Eagle(6, 10) hunts Deer(6, 8) ]
2023-06-06 14:15:14,999 INFO [ Round 41: Wolf(3, 3) hunts Mouse(2, 2) ]
2023-06-06 14:15:15,000 INFO [ Round 41: Eagle(15, 6) hunts Deer(16, 7) ]
2023-06-06 14:15:15,001 INFO [ Round 41: Wolf(15, 6) hunts Deer(16, 7) ]
2023-06-06 14:15:15,001 INFO [ Round 41: Wolf(1, 16) hunts Deer(1, 17) ]
2023-06-06 14:15:15,001 INFO [ Round 41: Wolf(15, 6) hunts Deer(16, 7) ]
2023-06-06 14:15:15,002 INFO [ Round 41: Deer(19, 0) runs away from Eagle(18, 2) ]
2023-06-06 14:15:15,408 INFO [ Round 42: Mouse(2, 19) runs away from Wolf(1, 17) ]
2023-06-06 14:15:15,409 INFO [ Round 42: Wolf(0, 6) hunts Deer(2, 8) ]
2023-06-06 14:15:15,410 INFO [ Round 42: Eagle(16, 7) hunts Deer(15, 6) ]
2023-06-06 14:15:15,411 INFO [ Round 42: Eagle(16, 7) hunts Deer(15, 6) ]
2023-06-06 14:15:15,412 INFO [ Round 42: Eagle(16, 7) hunts Deer(15, 6) ]
2023-06-06 14:15:15,413 INFO [ Round 42: Wolf(16, 7) hunts Deer(15, 6) ]
2023-06-06 14:15:15,413 INFO [ Round 42: Wolf(16, 7) hunts Deer(15, 6) ]
2023-06-06 14:15:15,414 INFO [ Round 42: Mouse(15, 7) runs away from Wolf(16, 7) ]
2023-06-06 14:15:15,414 INFO [ Round 42: Eagle(15, 7) hunts Deer(15, 6) ]
2023-06-06 14:15:15,416 INFO [ Round 42: Wolf(16, 7) hunts Deer(15, 6) ]
2023-06-06 14:15:15,416 INFO [ Round 42: Wolf(2, 2) hunts Mouse(3, 3) ]
2023-06-06 14:15:15,420 INFO [ Round 42: Eagle(16, 7) hunts Deer(15, 6) ]
2023-06-06 14:15:15,421 INFO [ Round 42: Wolf(16, 7) hunts Deer(15, 6) ]
2023-06-06 14:15:15,424 INFO [ Round 42: Deer(9, 11) runs away from Eagle(6, 8) ]
2023-06-06 14:15:15,424 INFO [ Round 42: Eagle(18, 2) hunts Mouse(17, 3) ]
2023-06-06 14:15:15,425 INFO [ Round 42: Wolf(2, 2) hunts Mouse(3, 3) ]
2023-06-06 14:15:15,426 INFO [ Round 42: Eagle(16, 7) hunts Deer(15, 6) ]
2023-06-06 14:15:15,427 INFO [ Round 42: Wolf(16, 7) hunts Deer(15, 6) ]
2023-06-06 14:15:15,427 INFO [ Round 42: Wolf(16, 7) hunts Deer(15, 6) ]
2023-06-06 14:15:15,428 INFO [ Round 42: Deer(19, 0) runs away from Eagle(17, 3) ]
2023-06-06 14:15:15,833 INFO [ Round 43: Deer(12, 8) runs away from Wolf(15, 6) ]
2023-06-06 14:15:15,835 INFO [ Round 43: Wolf(2, 8) hunts Deer(1, 7) ]
2023-06-06 14:15:15,836 INFO [ Round 43: Eagle(15, 6) hunts Deer(16, 7) ]
2023-06-06 14:15:15,837 INFO [ Round 43: Eagle(15, 6) hunts Deer(16, 7) ]
2023-06-06 14:15:15,838 INFO [ Round 43: Eagle(15, 6) hunts Deer(16, 7) ]
2023-06-06 14:15:15,839 INFO [ Round 43: Wolf(15, 6) hunts Deer(16, 7) ]
2023-06-06 14:15:15,839 INFO [ Round 43: Wolf(15, 6) hunts Deer(16, 7) ]
2023-06-06 14:15:15,839 INFO [ Round 43: Eagle(15, 6) hunts Deer(16, 7) ]
2023-06-06 14:15:15,839 INFO [ Round 43: Wolf(15, 6) hunts Deer(16, 7) ]
2023-06-06 14:15:15,839 INFO [ Round 43: Wolf(3, 3) hunts Mouse(2, 2) ]
2023-06-06 14:15:15,839 INFO [ Round 43: Deer(18, 4) runs away from Eagle(17, 3) ]
2023-06-06 14:15:15,841 INFO [ Round 43: Eagle(15, 6) hunts Deer(16, 7) ]
2023-06-06 14:15:15,841 INFO [ Round 43: Wolf(15, 6) hunts Deer(16, 7) ]
2023-06-06 14:15:15,843 INFO [ Round 43: Wolf(3, 3) hunts Mouse(2, 2) ]
2023-06-06 14:15:15,843 INFO [ Round 43: Eagle(15, 6) hunts Deer(16, 7) ]
2023-06-06 14:15:15,844 INFO [ Round 43: Wolf(15, 6) hunts Deer(16, 7) ]
2023-06-06 14:15:15,844 INFO [ Round 43: Wolf(1, 16) hunts Deer(1, 17) ]
2023-06-06 14:15:15,844 INFO [ Round 43: Wolf(15, 6) hunts Deer(16, 7) ]
2023-06-06 14:15:15,845 INFO [ Round 43: Deer(19, 0) runs away from Eagle(18, 2) ]
2023-06-06 14:15:16,251 INFO [ Round 44: Mouse(2, 19) runs away from Wolf(1, 17) ]
2023-06-06 14:15:16,253 INFO [ Round 44: Eagle(16, 7) hunts Deer(15, 6) ]
2023-06-06 14:15:16,254 INFO [ Round 44: Eagle(16, 7) hunts Deer(15, 6) ]
2023-06-06 14:15:16,255 INFO [ Round 44: Eagle(16, 7) hunts Deer(15, 6) ]
2023-06-06 14:15:16,256 INFO [ Round 44: Wolf(16, 7) hunts Deer(15, 6) ]
2023-06-06 14:15:16,256 INFO [ Round 44: Wolf(16, 7) hunts Deer(15, 6) ]
2023-06-06 14:15:16,257 INFO [ Round 44: Eagle(16, 7) hunts Deer(15, 6) ]
2023-06-06 14:15:16,258 INFO [ Round 44: Wolf(16, 7) hunts Deer(15, 6) ]
2023-06-06 14:15:16,258 INFO [ Round 44: Wolf(2, 2) hunts Mouse(3, 3) ]
2023-06-06 14:15:16,260 INFO [ Round 44: Beaver(7, 11) has eaten Tree(7, 11) ]
2023-06-06 14:15:16,263 INFO [ Round 44: Eagle(16, 7) hunts Deer(15, 6) ]
2023-06-06 14:15:16,263 INFO [ Round 44: Wolf(16, 7) hunts Deer(15, 6) ]
2023-06-06 14:15:16,265 INFO [ Round 44: Deer(0, 6) runs away from Wolf(2, 2) ]
2023-06-06 14:15:16,266 INFO [ Round 44: Eagle(18, 2) hunts Mouse(17, 3) ]
2023-06-06 14:15:16,267 INFO [ Round 44: Eagle(8, 9) hunts Deer(6, 10) ]
2023-06-06 14:15:16,267 INFO [ Round 44: Wolf(2, 2) hunts Mouse(3, 3) ]
2023-06-06 14:15:16,269 INFO [ Round 44: Eagle(16, 7) hunts Deer(15, 6) ]
2023-06-06 14:15:16,269 INFO [ Round 44: Mouse(2, 19) runs away from Wolf(1, 17) ]
2023-06-06 14:15:16,269 INFO [ Round 44: Wolf(16, 7) hunts Deer(15, 6) ]
2023-06-06 14:15:16,270 INFO [ Round 44: Wolf(16, 7) hunts Deer(15, 6) ]
2023-06-06 14:15:16,270 INFO [ Round 44: Eagle(17, 3) has been removed ]
2023-06-06 14:15:16,677 INFO [ Round 45: Deer(12, 8) runs away from Wolf(15, 6) ]
2023-06-06 14:15:16,679 INFO [ Round 45: Wolf(0, 6) hunts Deer(0, 7) ]
2023-06-06 14:15:16,680 INFO [ Round 45: Eagle(15, 6) hunts Deer(16, 7) ]
2023-06-06 14:15:16,681 INFO [ Round 45: Eagle(15, 6) hunts Deer(16, 7) ]
2023-06-06 14:15:16,681 INFO [ Round 45: Eagle(15, 6) hunts Deer(16, 7) ]
2023-06-06 14:15:16,682 INFO [ Round 45: Wolf(15, 6) hunts Deer(16, 7) ]
2023-06-06 14:15:16,682 INFO [ Round 45: Wolf(15, 6) hunts Deer(16, 7) ]
2023-06-06 14:15:16,682 INFO [ Round 45: Deer(4, 8) runs away from Eagle(6, 10) ]
2023-06-06 14:15:16,682 INFO [ Round 45: Eagle(15, 6) hunts Deer(16, 7) ]
2023-06-06 14:15:16,683 INFO [ Round 45: Wolf(15, 6) hunts Deer(16, 7) ]
2023-06-06 14:15:16,683 INFO [ Round 45: Wolf(3, 3) hunts Mouse(2, 2) ]
2023-06-06 14:15:16,684 INFO [ Round 45: Eagle(15, 6) hunts Deer(16, 7) ]
2023-06-06 14:15:16,684 INFO [ Round 45: Wolf(15, 6) hunts Deer(16, 7) ]
2023-06-06 14:15:16,685 INFO [ Round 45: Deer(16, 8) has eaten Plant(16, 8) ]
2023-06-06 14:15:16,686 INFO [ Round 45: Eagle(6, 10) hunts Deer(4, 8) ]
2023-06-06 14:15:16,686 INFO [ Round 45: Wolf(3, 3) hunts Mouse(2, 2) ]
2023-06-06 14:15:16,687 INFO [ Round 45: Eagle(15, 6) hunts Deer(16, 7) ]
2023-06-06 14:15:16,687 INFO [ Round 45: Wolf(15, 6) hunts Deer(16, 7) ]
2023-06-06 14:15:16,687 INFO [ Round 45: Wolf(1, 16) hunts Deer(1, 17) ]
2023-06-06 14:15:16,688 INFO [ Round 45: Wolf(15, 6) hunts Deer(16, 7) ]
2023-06-06 14:15:17,095 INFO [ Round 46: Mouse(2, 19) runs away from Wolf(1, 17) ]
2023-06-06 14:15:17,097 INFO [ Round 46: Eagle(16, 7) hunts Deer(15, 6) ]
2023-06-06 14:15:17,098 INFO [ Round 46: Eagle(16, 7) hunts Deer(15, 6) ]
2023-06-06 14:15:17,098 INFO [ Round 46: Eagle(16, 7) hunts Deer(15, 6) ]
2023-06-06 14:15:17,100 INFO [ Round 46: Wolf(16, 7) hunts Deer(15, 6) ]
2023-06-06 14:15:17,100 INFO [ Round 46: Wolf(16, 7) hunts Deer(15, 6) ]
2023-06-06 14:15:17,100 INFO [ Round 46: Mouse(12, 8) has died ]
2023-06-06 14:15:17,101 INFO [ Round 46: Eagle(16, 7) hunts Deer(15, 6) ]
2023-06-06 14:15:17,102 INFO [ Round 46: Wolf(16, 7) hunts Deer(15, 6) ]
2023-06-06 14:15:17,102 INFO [ Round 46: Wolf(2, 2) hunts Mouse(3, 3) ]
2023-06-06 14:15:17,103 INFO [ Round 46: Beaver(8, 9) has drunk Water(8, 9) ]
2023-06-06 14:15:17,107 INFO [ Round 46: Eagle(16, 7) hunts Deer(15, 6) ]
2023-06-06 14:15:17,107 INFO [ Round 46: Wolf(16, 7) hunts Deer(15, 6) ]
2023-06-06 14:15:17,109 INFO [ Round 46: Deer(16, 8) runs away from Wolf(16, 7) ]
2023-06-06 14:15:17,109 INFO [ Round 46: Deer(0, 6) runs away from Wolf(2, 2) ]
2023-06-06 14:15:17,111 INFO [ Round 46: Eagle(4, 8) hunts Deer(6, 10) ]
2023-06-06 14:15:17,111 INFO [ Round 46: Wolf(2, 2) hunts Mouse(3, 3) ]
2023-06-06 14:15:17,112 INFO [ Round 46: Eagle(16, 7) hunts Deer(15, 6) ]
2023-06-06 14:15:17,113 INFO [ Round 46: Wolf(16, 7) hunts Deer(15, 6) ]
2023-06-06 14:15:17,114 INFO [ Round 46: Wolf(16, 7) hunts Deer(15, 6) ]
2023-06-06 14:15:17,519 INFO [ Round 47: Deer(12, 8) runs away from Wolf(15, 6) ]
2023-06-06 14:15:17,521 INFO [ Round 47: Wolf(0, 6) hunts Deer(0, 7) ]
2023-06-06 14:15:17,522 INFO [ Round 47: Eagle(15, 6) hunts Deer(16, 7) ]
2023-06-06 14:15:17,523 INFO [ Round 47: Eagle(15, 6) hunts Deer(16, 7) ]
2023-06-06 14:15:17,523 INFO [ Round 47: Eagle(15, 6) hunts Deer(16, 7) ]
2023-06-06 14:15:17,524 INFO [ Round 47: Wolf(15, 6) hunts Deer(16, 7) ]
2023-06-06 14:15:17,524 INFO [ Round 47: Wolf(15, 6) hunts Deer(16, 7) ]
2023-06-06 14:15:17,524 INFO [ Round 47: Mouse(12, 8) has died ]
2023-06-06 14:15:17,524 INFO [ Round 47: Eagle(15, 6) hunts Deer(16, 7) ]
2023-06-06 14:15:17,525 INFO [ Round 47: Wolf(15, 6) hunts Deer(16, 7) ]
2023-06-06 14:15:17,525 INFO [ Round 47: Wolf(3, 3) hunts Mouse(2, 2) ]
2023-06-06 14:15:17,526 INFO [ Round 47: Eagle(15, 6) hunts Deer(16, 7) ]
2023-06-06 14:15:17,527 INFO [ Round 47: Wolf(15, 6) hunts Deer(16, 7) ]
2023-06-06 14:15:17,528 INFO [ Round 47: Deer(9, 11) runs away from Eagle(6, 10) ]
2023-06-06 14:15:17,528 INFO [ Round 47: Eagle(6, 10) hunts Deer(4, 8) ]
2023-06-06 14:15:17,528 INFO [ Round 47: Wolf(3, 3) hunts Mouse(2, 2) ]
2023-06-06 14:15:17,529 INFO [ Round 47: Eagle(15, 6) hunts Deer(16, 7) ]
2023-06-06 14:15:17,530 INFO [ Round 47: Wolf(15, 6) hunts Deer(16, 7) ]
2023-06-06 14:15:17,530 INFO [ Round 47: Wolf(1, 16) hunts Deer(1, 17) ]
2023-06-06 14:15:17,531 INFO [ Round 47: Wolf(15, 6) hunts Deer(16, 7) ]
2023-06-06 14:15:17,937 INFO [ Round 48: Mouse(2, 19) runs away from Wolf(1, 17) ]
2023-06-06 14:15:17,939 INFO [ Round 48: Eagle(16, 7) hunts Deer(15, 6) ]
2023-06-06 14:15:17,940 INFO [ Round 48: Eagle(16, 7) hunts Deer(15, 6) ]
2023-06-06 14:15:17,940 INFO [ Round 48: Eagle(16, 7) hunts Deer(15, 6) ]
2023-06-06 14:15:17,942 INFO [ Round 48: Wolf(16, 7) hunts Deer(15, 6) ]
2023-06-06 14:15:17,942 INFO [ Round 48: Wolf(16, 7) hunts Deer(15, 6) ]
2023-06-06 14:15:17,942 INFO [ Round 48: Mouse(12, 8) has died ]
2023-06-06 14:15:17,943 INFO [ Round 48: Eagle(16, 7) hunts Deer(15, 6) ]
2023-06-06 14:15:17,944 INFO [ Round 48: Wolf(16, 7) hunts Deer(15, 6) ]
2023-06-06 14:15:17,944 INFO [ Round 48: Wolf(2, 2) hunts Mouse(3, 3) ]
2023-06-06 14:15:17,949 INFO [ Round 48: Eagle(16, 7) hunts Deer(15, 6) ]
2023-06-06 14:15:17,949 INFO [ Round 48: Wolf(16, 7) hunts Deer(15, 6) ]
2023-06-06 14:15:17,951 INFO [ Round 48: Deer(0, 6) runs away from Wolf(2, 2) ]
2023-06-06 14:15:17,952 INFO [ Round 48: Eagle(4, 8) has been removed ]
2023-06-06 14:15:17,953 INFO [ Round 48: Wolf(2, 2) hunts Mouse(3, 3) ]
2023-06-06 14:15:17,953 INFO [ Round 48: Beaver(11, 12) has eaten Tree(11, 12) ]
2023-06-06 14:15:17,954 INFO [ Round 48: Eagle(16, 7) hunts Deer(15, 6) ]
2023-06-06 14:15:17,954 INFO [ Round 48: Mouse(2, 19) runs away from Wolf(1, 17) ]
2023-06-06 14:15:17,955 INFO [ Round 48: Wolf(16, 7) hunts Deer(15, 6) ]
2023-06-06 14:15:17,955 INFO [ Round 48: Wolf(16, 7) hunts Deer(15, 6) ]
2023-06-06 14:15:18,360 INFO [ Round 49: Deer(12, 8) runs away from Wolf(15, 6) ]
2023-06-06 14:15:18,362 INFO [ Round 49: Wolf(0, 6) hunts Deer(0, 7) ]
2023-06-06 14:15:18,363 INFO [ Round 49: Eagle(15, 6) hunts Deer(16, 7) ]
2023-06-06 14:15:18,364 INFO [ Round 49: Eagle(15, 6) hunts Deer(16, 7) ]
2023-06-06 14:15:18,365 INFO [ Round 49: Eagle(15, 6) hunts Deer(16, 7) ]
2023-06-06 14:15:18,366 INFO [ Round 49: Wolf(15, 6) hunts Deer(16, 7) ]
2023-06-06 14:15:18,366 INFO [ Round 49: Wolf(15, 6) hunts Deer(16, 7) ]
2023-06-06 14:15:18,367 INFO [ Round 49: Mouse(12, 8) has died ]
2023-06-06 14:15:18,367 INFO [ Round 49: Eagle(15, 6) hunts Deer(16, 7) ]
2023-06-06 14:15:18,368 INFO [ Round 49: Wolf(15, 6) hunts Deer(16, 7) ]
2023-06-06 14:15:18,368 INFO [ Round 49: Wolf(3, 3) hunts Mouse(2, 2) ]
2023-06-06 14:15:18,373 INFO [ Round 49: Eagle(15, 6) hunts Deer(16, 7) ]
2023-06-06 14:15:18,373 INFO [ Round 49: Wolf(15, 6) hunts Deer(16, 7) ]
2023-06-06 14:15:18,377 INFO [ Round 49: Wolf(3, 3) hunts Mouse(2, 2) ]
2023-06-06 14:15:18,378 INFO [ Round 49: Eagle(15, 6) hunts Deer(16, 7) ]
2023-06-06 14:15:18,378 INFO [ Round 49: Wolf(15, 6) hunts Deer(16, 7) ]
2023-06-06 14:15:18,379 INFO [ Round 49: Wolf(1, 16) hunts Deer(1, 17) ]
2023-06-06 14:15:18,379 INFO [ Round 49: Wolf(15, 6) hunts Deer(16, 7) ]
2023-06-06 14:15:18,785 INFO [ Round 50: Mouse(2, 19) runs away from Wolf(1, 17) ]
2023-06-06 14:15:18,787 INFO [ Round 50: Eagle(16, 7) hunts Deer(15, 6) ]
2023-06-06 14:15:18,788 INFO [ Round 50: Eagle(16, 7) hunts Deer(15, 6) ]
2023-06-06 14:15:18,789 INFO [ Round 50: Eagle(16, 7) hunts Deer(15, 6) ]
2023-06-06 14:15:18,790 INFO [ Round 50: Wolf(16, 7) hunts Deer(15, 6) ]
2023-06-06 14:15:18,790 INFO [ Round 50: Wolf(16, 7) hunts Deer(15, 6) ]
2023-06-06 14:15:18,790 INFO [ Round 50: Deer(6, 10) has died ]
2023-06-06 14:15:18,791 INFO [ Round 50: Mouse(12, 8) has died ]
2023-06-06 14:15:18,791 INFO [ Round 50: Eagle(16, 7) hunts Deer(15, 6) ]
2023-06-06 14:15:18,792 INFO [ Round 50: Wolf(16, 7) hunts Deer(15, 6) ]
2023-06-06 14:15:18,792 INFO [ Round 50: Wolf(2, 2) hunts Mouse(3, 3) ]
2023-06-06 14:15:18,797 INFO [ Round 50: Eagle(16, 7) hunts Deer(15, 6) ]
2023-06-06 14:15:18,797 INFO [ Round 50: Wolf(16, 7) hunts Deer(15, 6) ]
2023-06-06 14:15:18,799 INFO [ Round 50: Deer(0, 6) runs away from Wolf(2, 2) ]
2023-06-06 14:15:18,800 INFO [ Round 50: Deer(9, 11) has died ]
2023-06-06 14:15:18,800 INFO [ Round 50: Wolf(2, 2) hunts Mouse(3, 3) ]
2023-06-06 14:15:18,801 INFO [ Round 50: Eagle(16, 7) hunts Deer(15, 6) ]
2023-06-06 14:15:18,802 INFO [ Round 50: Wolf(16, 7) hunts Deer(15, 6) ]
2023-06-06 14:15:18,803 INFO [ Round 50: Wolf(16, 7) hunts Deer(15, 6) ]
2023-06-06 14:15:19,208 INFO [ Round 51: Deer(12, 8) runs away from Wolf(15, 6) ]
2023-06-06 14:15:19,210 INFO [ Round 51: Wolf(0, 6) hunts Deer(0, 7) ]
2023-06-06 14:15:19,211 INFO [ Round 51: Eagle(15, 6) hunts Deer(16, 7) ]
2023-06-06 14:15:19,212 INFO [ Round 51: Eagle(15, 6) hunts Deer(16, 7) ]
2023-06-06 14:15:19,212 INFO [ Round 51: Eagle(15, 6) hunts Deer(16, 7) ]
2023-06-06 14:15:19,213 INFO [ Round 51: Wolf(15, 6) hunts Deer(16, 7) ]
2023-06-06 14:15:19,214 INFO [ Round 51: Wolf(15, 6) hunts Deer(16, 7) ]
2023-06-06 14:15:19,214 INFO [ Round 51: Deer(6, 10) has died ]
2023-06-06 14:15:19,214 INFO [ Round 51: Mouse(12, 8) has died ]
2023-06-06 14:15:19,214 INFO [ Round 51: Eagle(15, 6) hunts Deer(16, 7) ]
2023-06-06 14:15:19,214 INFO [ Round 51: Wolf(15, 6) hunts Deer(16, 7) ]
2023-06-06 14:15:19,214 INFO [ Round 51: Wolf(3, 3) hunts Mouse(2, 2) ]
2023-06-06 14:15:19,215 INFO [ Round 51: Eagle(15, 6) hunts Deer(16, 7) ]
2023-06-06 14:15:19,215 INFO [ Round 51: Wolf(15, 6) hunts Deer(16, 7) ]
2023-06-06 14:15:19,216 INFO [ Round 51: Deer(9, 11) has died ]
2023-06-06 14:15:19,217 INFO [ Round 51: Wolf(3, 3) hunts Mouse(2, 2) ]
2023-06-06 14:15:19,217 INFO [ Round 51: Eagle(15, 6) hunts Deer(16, 7) ]
2023-06-06 14:15:19,218 INFO [ Round 51: Wolf(15, 6) hunts Deer(16, 7) ]
2023-06-06 14:15:19,218 INFO [ Round 51: Wolf(1, 16) hunts Deer(1, 17) ]
2023-06-06 14:15:19,218 INFO [ Round 51: Wolf(15, 6) hunts Deer(16, 7) ]
2023-06-06 14:15:19,622 INFO [ Round 52: Mouse(2, 19) runs away from Wolf(1, 17) ]
2023-06-06 14:15:19,623 INFO [ Round 52: Eagle(16, 7) hunts Deer(15, 6) ]
2023-06-06 14:15:19,623 INFO [ Round 52: Eagle(16, 7) hunts Deer(15, 6) ]
2023-06-06 14:15:19,623 INFO [ Round 52: Eagle(16, 7) hunts Deer(15, 6) ]
2023-06-06 14:15:19,624 INFO [ Round 52: Wolf(16, 7) hunts Deer(15, 6) ]
2023-06-06 14:15:19,624 INFO [ Round 52: Wolf(16, 7) hunts Deer(15, 6) ]
2023-06-06 14:15:19,624 INFO [ Round 52: Deer(6, 10) has died ]
2023-06-06 14:15:19,624 INFO [ Round 52: Mouse(12, 8) has died ]
2023-06-06 14:15:19,624 INFO [ Round 52: Eagle(16, 7) hunts Deer(15, 6) ]
2023-06-06 14:15:19,625 INFO [ Round 52: Wolf(16, 7) hunts Deer(15, 6) ]
2023-06-06 14:15:19,625 INFO [ Round 52: Wolf(2, 2) hunts Mouse(3, 3) ]
2023-06-06 14:15:19,627 INFO [ Round 52: Eagle(16, 7) hunts Deer(15, 6) ]
2023-06-06 14:15:19,627 INFO [ Round 52: Wolf(16, 7) hunts Deer(15, 6) ]
2023-06-06 14:15:19,628 INFO [ Round 52: Deer(0, 6) runs away from Wolf(2, 2) ]
2023-06-06 14:15:19,628 INFO [ Round 52: Deer(9, 11) has died ]
2023-06-06 14:15:19,629 INFO [ Round 52: Wolf(2, 2) hunts Mouse(3, 3) ]
2023-06-06 14:15:19,630 INFO [ Round 52: Eagle(16, 7) hunts Deer(15, 6) ]
2023-06-06 14:15:19,630 INFO [ Round 52: Mouse(2, 19) runs away from Wolf(1, 17) ]
2023-06-06 14:15:19,631 INFO [ Round 52: Wolf(16, 7) hunts Deer(15, 6) ]
2023-06-06 14:15:19,631 INFO [ Round 52: Wolf(1, 17) hunts Mouse(3, 19) ]
2023-06-06 14:15:19,632 INFO [ Round 52: Wolf(16, 7) hunts Deer(15, 6) ]
2023-06-06 14:15:20,037 INFO [ Round 53: Deer(12, 8) runs away from Wolf(15, 6) ]
2023-06-06 14:15:20,039 INFO [ Round 53: Wolf(0, 6) hunts Deer(0, 7) ]
2023-06-06 14:15:20,040 INFO [ Round 53: Eagle(15, 6) hunts Deer(16, 7) ]
2023-06-06 14:15:20,041 INFO [ Round 53: Eagle(15, 6) hunts Deer(16, 7) ]
2023-06-06 14:15:20,041 INFO [ Round 53: Eagle(15, 6) hunts Deer(16, 7) ]
2023-06-06 14:15:20,043 INFO [ Round 53: Wolf(15, 6) hunts Deer(16, 7) ]
2023-06-06 14:15:20,043 INFO [ Round 53: Wolf(15, 6) hunts Deer(16, 7) ]
2023-06-06 14:15:20,043 INFO [ Round 53: Deer(6, 10) has died ]
2023-06-06 14:15:20,043 INFO [ Round 53: Mouse(12, 8) has died ]
2023-06-06 14:15:20,043 INFO [ Round 53: Eagle(15, 6) hunts Deer(16, 7) ]
2023-06-06 14:15:20,043 INFO [ Round 53: Wolf(15, 6) hunts Deer(16, 7) ]
2023-06-06 14:15:20,043 INFO [ Round 53: Wolf(3, 3) hunts Mouse(2, 2) ]
2023-06-06 14:15:20,045 INFO [ Round 53: Eagle(15, 6) hunts Deer(16, 7) ]
2023-06-06 14:15:20,045 INFO [ Round 53: Wolf(15, 6) hunts Deer(16, 7) ]
2023-06-06 14:15:20,048 INFO [ Round 53: Deer(9, 11) has died ]
2023-06-06 14:15:20,049 INFO [ Round 53: Wolf(3, 3) hunts Mouse(2, 2) ]
2023-06-06 14:15:20,051 INFO [ Round 53: Eagle(15, 6) hunts Deer(16, 7) ]
2023-06-06 14:15:20,052 INFO [ Round 53: Mouse(2, 19) runs away from Wolf(3, 19) ]
2023-06-06 14:15:20,052 INFO [ Round 53: Wolf(15, 6) hunts Deer(16, 7) ]
2023-06-06 14:15:20,052 INFO [ Round 53: Wolf(3, 19) hunts Deer(1, 17) ]
2023-06-06 14:15:20,053 INFO [ Round 53: Wolf(15, 6) hunts Deer(16, 7) ]
2023-06-06 14:15:20,459 INFO [ Round 54: Mouse(2, 19) runs away from Wolf(1, 17) ]
2023-06-06 14:15:20,461 INFO [ Round 54: Eagle(16, 7) hunts Deer(15, 6) ]
2023-06-06 14:15:20,462 INFO [ Round 54: Eagle(16, 7) hunts Deer(15, 6) ]
2023-06-06 14:15:20,462 INFO [ Round 54: Eagle(16, 7) hunts Deer(15, 6) ]
2023-06-06 14:15:20,464 INFO [ Round 54: Wolf(16, 7) hunts Deer(15, 6) ]
2023-06-06 14:15:20,464 INFO [ Round 54: Wolf(16, 7) hunts Deer(15, 6) ]
2023-06-06 14:15:20,464 INFO [ Round 54: Deer(6, 10) has died ]
2023-06-06 14:15:20,464 INFO [ Round 54: Mouse(12, 8) has died ]
2023-06-06 14:15:20,465 INFO [ Round 54: Eagle(16, 7) hunts Deer(15, 6) ]
2023-06-06 14:15:20,466 INFO [ Round 54: Wolf(16, 7) hunts Deer(15, 6) ]
2023-06-06 14:15:20,466 INFO [ Round 54: Wolf(2, 2) hunts Mouse(3, 3) ]
2023-06-06 14:15:20,471 INFO [ Round 54: Eagle(16, 7) hunts Deer(15, 6) ]
2023-06-06 14:15:20,471 INFO [ Round 54: Wolf(16, 7) hunts Deer(15, 6) ]
2023-06-06 14:15:20,473 INFO [ Round 54: Deer(0, 6) runs away from Wolf(2, 2) ]
2023-06-06 14:15:20,474 INFO [ Round 54: Deer(9, 11) has died ]
2023-06-06 14:15:20,474 INFO [ Round 54: Wolf(2, 2) hunts Mouse(3, 3) ]
2023-06-06 14:15:20,475 INFO [ Round 54: Eagle(16, 7) hunts Deer(15, 6) ]
2023-06-06 14:15:20,476 INFO [ Round 54: Mouse(0, 19) runs away from Wolf(1, 17) ]
2023-06-06 14:15:20,476 INFO [ Round 54: Wolf(16, 7) hunts Deer(15, 6) ]
2023-06-06 14:15:20,476 INFO [ Round 54: Wolf(1, 17) hunts Mouse(0, 19) ]
2023-06-06 14:15:20,477 INFO [ Round 54: Wolf(16, 7) hunts Deer(15, 6) ]
2023-06-06 14:15:20,878 INFO [ Round 54: Simulation has ended - All preys have died ]
